weidu DLCMERGER/DLCMERGER.TP2 --language 0 --no-exit-pause --noautoupdate --force-install-list 1
weidu BGEECLASSICMOVIES/BGEECLASSICMOVIES.TP2 --language 0 --no-exit-pause --noautoupdate --force-install-list 0 3
weidu LEUI-BG1EE/LEUI-BG1EE.TP2 --language 0 --no-exit-pause --noautoupdate --force-install-list 0 1 2
EEX
weidu BG1UB/SETUP-BG1UB.TP2 --language 0 --no-exit-pause --noautoupdate --force-install-list 0 11 12 13 14 16 17 18 19 21 22 29 30 32 33 34
weidu C#ENDLESSBG1/C#ENDLESSBG1.TP2 --language 0 --no-exit-pause --noautoupdate --force-install-list 0 1 3 4 5 6 8 12
weidu C#SODBOABRI/C#SODBOABRI.TP2 --language 0 --no-exit-pause --noautoupdate --force-install-list 0 1 2 3
weidu C#SODTWEAKS/SETUP-C#SODTWEAKS.TP2 --language 0 --no-exit-pause --noautoupdate --force-install-list 2 5 7 20 21
weidu NTOTSC/NTOTSC.TP2 --language 0 --no-exit-pause --noautoupdate --force-install-list 0 2 3 5 9 10 11 12 14
weidu BG1RE/SETUP-BG1RE.TP2 --language 0 --no-exit-pause --noautoupdate --force-install-list 105 2 3 5 6 8 10 13 14 17 18 20 21 22 23 24 26 28 29 30 31 32 34 36 37 40 41 42 43 44
weidu SIRINESCALL/SETUP-SIRINESCALL.TP2 --language 0 --no-exit-pause --noautoupdate --force-install-list 0
weidu BGQE/SETUP-BGQE.TP2 --language 0 --no-exit-pause --noautoupdate --force-install-list 0 1 2 3 4 5 6 7 8 9 10 11 12 13 14 15 16
weidu AC_QUEST/AC_QUEST.TP2 --language 1 --no-exit-pause --noautoupdate --force-install-list 0 1 2 4 6 7 8 9 11
weidu GORGON/SETUP-GORGON.TP2 --language 0 --no-exit-pause --noautoupdate --force-install-list 0 1
weidu BLACKHEARTS_BG1/SETUP-BLACKHEARTS_BG1.TP2 --language 0 --no-exit-pause --noautoupdate --force-install-list 0
weidu BST/SETUP-BST.TP2 --language 0 --no-exit-pause --noautoupdate --force-install-list 0
weidu THECALLING/THECALLING.TP2 --language 0 --no-exit-pause --noautoupdate --force-install-list 0 20 40
weidu REFLECTIONS/REFLECTIONS.TP2 --language 0 --no-exit-pause --noautoupdate --force-install-list 100 110 230
weidu SOTSC/SOTSC.TP2 --language 0 --no-exit-pause --noautoupdate --force-install-list 0
weidu LORETAKERS/SETUP-LORETAKERS.TP2 --language 0 --no-exit-pause --noautoupdate --force-install-list 0
weidu BG1NPC/BG1NPC.TP2 --language 0 --no-exit-pause --noautoupdate --force-install-list 0 10 21 31 41 51 61 71 80 110 120 130 240 160
weidu BG1NPCMUSIC/SETUP-BG1NPCMUSIC.TP2 --language 0 --no-exit-pause --noautoupdate --force-install-list 0
weidu AJANTISBG1/SETUP-AJANTISBG1.TP2 --language 0 --no-exit-pause --noautoupdate --force-install-list 0 1
weidu ISRA/ISRA.TP2 --language 0 --no-exit-pause --noautoupdate --force-install-list 0
weidu INDINPC/INDINPC.TP2 --language 0 --no-exit-pause --noautoupdate --force-install-list 0
weidu GLAMNPCPACK/SETUP-GLAMNPCPACK.TP2 --language 0 --no-exit-pause --noautoupdate --force-install-list 0
weidu EMILY/EMILY.TP2 --language 0 --no-exit-pause --noautoupdate --force-install-list 0 1
weidu HELGA/SETUP-HELGA.TP2 --language 0 --no-exit-pause --noautoupdate --force-install-list 0
weidu KALE/KALE.TP2 --language 0 --no-exit-pause --noautoupdate --force-install-list 0 1
weidu RECORDER/SETUP-RECORDER.TP2 --language 0 --no-exit-pause --noautoupdate --force-install-list 0 1
weidu VIENXAY/VIENXAY.TP2 --language 0 --no-exit-pause --noautoupdate --force-install-list 0
weidu KVEL_BG1/SETUP-KVEL_BG1.TP2 --language 0 --no-exit-pause --noautoupdate --force-install-list 0
weidu AURA_BG1/SETUP-AURA_BG1.TP2 --language 0 --no-exit-pause --noautoupdate --force-install-list 0 1 5 14
weidu DRAKE/SETUP-DRAKE.TP2 --language 0 --no-exit-pause --noautoupdate --force-install-list 0 1 5
weidu SIRENE/SETUP-SIRENE.TP2 --language 0 --no-exit-pause --noautoupdate --force-install-list 0 1
weidu NEERABANTERS/NEERABANTERS.TP2 --language 0 --no-exit-pause --noautoupdate --force-install-list 10 20 30
weidu CHATTYIMOEN/CHATTYIMOEN.TP2 --language 0 --no-exit-pause --noautoupdate --force-install-list 0 10
weidu NEERA/NEERA.TP2 --language 0 --no-exit-pause --noautoupdate --force-install-list 0 3 6
weidu C#BRAGE/C#BRAGE.TP2 --language 0 --no-exit-pause --noautoupdate --force-install-list 0 1
weidu SODRTD/SODRTD.TP2 --language 0 --no-exit-pause --noautoupdate --force-install-list 80 0 10 20 30 40 50 60
weidu THALAN/THALAN.TP2 --language 0 --no-exit-pause --noautoupdate --force-install-list 0
weidu ITEM_REV/ITEM_REV.TP2 --language 0 --no-exit-pause --noautoupdate --force-install-list 0
weidu AJANTISBG1/SETUP-AJANTISBG1.TP2 --language 0 --no-exit-pause --noautoupdate --force-install-list 30
weidu C#BRAGE/C#BRAGE.TP2 --language 0 --no-exit-pause --noautoupdate --force-install-list 5 10
weidu ITEM_REV/ITEM_REV.TP2 --language 0 --no-exit-pause --noautoupdate --force-install-list 1030
weidu SPELL_REV/SETUP-SPELL_REV.TP2 --language 0 --no-exit-pause --noautoupdate --force-install-list 0 10 20 30 55 60
weidu SUBTLED_SPELL_TWEAKS/SUBTLED_SPELL_TWEAKS.TP2 --language 0 --no-exit-pause --noautoupdate --force-install-list 10 26 50 2116 2215
weidu STRATAGEMS/SETUP-STRATAGEMS.TP2 --language 0 --no-exit-pause --noautoupdate --force-install-list 1500 1510 1520 2000 2500 2510
weidu SONG_AND_SILENCE/SETUP-SONG_AND_SILENCE.TP2 --language 0 --no-exit-pause --noautoupdate --force-install-list 0 1 2 4 6 7 9
weidu SWORD_AND_FIST/SETUP-SWORD_AND_FIST.TP2 --language 0 --no-exit-pause --noautoupdate --force-install-list 30 31 32 34
weidu RR/SETUP-RR.TP2 --language 0 --no-exit-pause --noautoupdate --force-install-list 0 1 3 4 6 7 9
weidu BARDICWONDERS/BARDICWONDERS.TP2 --language 0 --no-exit-pause --noautoupdate --force-install-list 0 1 2 3 4 5 6 7 8 9 10 11 12 13 16 17
weidu CDTWEAKS/SETUP-CDTWEAKS.TP2 --language 0 --no-exit-pause --noautoupdate --force-install-list 2250 2261 2271 2281 2294 2580 2391 2401
weidu TOMEANDBLOOD/TOMEANDBLOOD.TP2 --language 0 --no-exit-pause --noautoupdate --force-install-list 20 25 31 33 35 37
weidu A7-GOLEMCONSTRUCTION/A7-GOLEMCONSTRUCTION.TP2 --language 0 --no-exit-pause --noautoupdate --force-install-list 0 20 25 35
weidu IHATEUNDEAD/IHATEUNDEAD.TP2 --language 0 --no-exit-pause --noautoupdate --force-install-list 1 3 4 7 10 11
weidu ARTISANSKITPACK/ARTISANSKITPACK.TP2 --language 0 --no-exit-pause --noautoupdate --force-install-list 8001 8101 8002 10002 10001 1003 1006 1004 1005 1007 1000 1001 1008 1009 1100 2000 2010 2011 2012 2002 3000 3010 3003 3011 3004 3001 3002 3005 5100 5110 5001 5002 7004 7006 7001 7002 7003 7005 9001 20000 20001
weidu MIGHT_AND_GUILE/MIGHT_AND_GUILE.TP2 --language 0 --no-exit-pause --noautoupdate --force-install-list 50 60 65 80 85 90 96 97 105 110 120 125 130 151 155 160 220 230 235 265 280 290 450 460 470 490