// Log of Currently Installed WeiDU Mods
// The top of the file is the 'oldest' mod
// ~TP2_File~ #language_number #component_number // [Subcomponent Name -> ] Component Name [ : Version]
~DLCMERGER/DLCMERGER.TP2~ #0 #1 // Merge DLC into game -> Merge "Siege of Dragonspear" DLC: 1.7
~BGEECLASSICMOVIES/BGEECLASSICMOVIES.TP2~ #0 #0 // Restore BG1 movies to BG:EE -> Replace all movies: v2.3.1
~BGEECLASSICMOVIES/BGEECLASSICMOVIES.TP2~ #0 #3 // Restore BG1 Chapter and Dream Screens: v2.3.1
~EEUITWEAKS/EEUITWEAKS.TP2~ #0 #1000 // Mods Options: 4.0.7
~EEUITWEAKS/EEUITWEAKS.TP2~ #0 #1010 // Hidden Game Options: 4.0.7
~EEUITWEAKS/EEUITWEAKS.TP2~ #0 #1090 // lefreut's Character Creation Screens -> Default Button Position: 4.0.7
~EEUITWEAKS/EEUITWEAKS.TP2~ #0 #1030 // Portrait Selectors -> BillyYank's Multi-Portrait Mod: 4.0.7
~EEUITWEAKS/EEUITWEAKS.TP2~ #0 #2030 // Adul's Better Quick Loot: 4.0.7
~EEUITWEAKS/EEUITWEAKS.TP2~ #0 #2060 // lefreut's 1.3-ish Dialog Box: 4.0.7
~EEUITWEAKS/EEUITWEAKS.TP2~ #0 #2110 // lefreut's Keep Dialog Box active after death: 4.0.7
~EEUITWEAKS/EEUITWEAKS.TP2~ #0 #2900 // lefreut's Improved Record Screen: 4.0.7
~EEUITWEAKS/EEUITWEAKS.TP2~ #0 #3020 // Journal Fixes and Tweaks -> Mr2150's Journal Fixes: 4.0.7
~EEUITWEAKS/EEUITWEAKS.TP2~ #0 #3070 // lefreut's Simple Journal Fixes: 4.0.7
~EEUITWEAKS/EEUITWEAKS.TP2~ #0 #3028 // lefreut's Customize Screens Tweaks: 4.0.7
~EEUITWEAKS/EEUITWEAKS.TP2~ #0 #3050 // lefreut's Improved Inventory Screen -> With Item Comparison: 4.0.7
~EEUITWEAKS/EEUITWEAKS.TP2~ #0 #4005 // lefreut's Store Screen Tweaks -> Default Button Position: 4.0.7
~EEUITWEAKS/EEUITWEAKS.TP2~ #0 #4030 // Spell Books -> lefreut's Inscribed Arcana: 4.0.7
~EEUITWEAKS/EEUITWEAKS.TP2~ #0 #5000 // lefreut's Tooltip Scroll: 4.0.7
~EEUITWEAKS/EEUITWEAKS.TP2~ #0 #5040 // lefreut's Improved Fonts -> Non-Italicized fonts for descriptions: 4.0.7
~BGQE/SETUP-BGQE.TP2~ #0 #0 // Slime Quest: 29
~BGQE/SETUP-BGQE.TP2~ #0 #1 // Beregost Family Quest: 29
~BGQE/SETUP-BGQE.TP2~ #0 #2 // Babysitting Quest, including the Carnival Encounter...: 29
~BGQE/SETUP-BGQE.TP2~ #0 #3 // Nashkel Monster Quest: 29
~BGQE/SETUP-BGQE.TP2~ #0 #4 // Fallen Paladin Quest: 29
~BGQE/SETUP-BGQE.TP2~ #0 #5 // Undying Love Quest: 29
~BGQE/SETUP-BGQE.TP2~ #0 #6 // Lovesick Half-Orc: 29
~BGQE/SETUP-BGQE.TP2~ #0 #7 // Unexpected Help Quest: 29
~BGQE/SETUP-BGQE.TP2~ #0 #8 // Many Little Paws: 29
~BGQE/SETUP-BGQE.TP2~ #0 #9 // Drunk Near Beregost Temple: 29
~BGQE/SETUP-BGQE.TP2~ #0 #10 // A Warm Place for Noober: 29
~BGQE/SETUP-BGQE.TP2~ #0 #11 // Brage's Sword: 29
~BGQE/SETUP-BGQE.TP2~ #0 #12 // Legal Sea Charts Sources: 29
~BGQE/SETUP-BGQE.TP2~ #0 #13 // Additions to the Lady's Hall and the Bitch Queen's Temple: 29
~BGQE/SETUP-BGQE.TP2~ #0 #14 // A Worried Farmer: 29
~BGQE/SETUP-BGQE.TP2~ #0 #15 // Bodies for a Good Cause: 29
~BGQE/SETUP-BGQE.TP2~ #0 #16 // Finish Cordyr's Quest without killing Sil: 29
~SIRINESCALL/SETUP-SIRINESCALL.TP2~ #0 #0 // The Lure of the Sirine's Call: v16.3
~AC_QUEST/AC_QUEST.TP2~ #1 #0 // A Job Well-Paid: 6.1
~AC_QUEST/AC_QUEST.TP2~ #1 #1 // A Feast for the Gnolls: 6.1
~AC_QUEST/AC_QUEST.TP2~ #1 #2 // Jumper -> Original version: Ugh and Jumper are inside the cave.: 6.1
~AC_QUEST/AC_QUEST.TP2~ #1 #4 // The Lost Son: 6.1
~AC_QUEST/AC_QUEST.TP2~ #1 #6 // Of Wolves and Men -> Quest uses house in Beregost.: 6.1
~AC_QUEST/AC_QUEST.TP2~ #1 #7 // The Great Carlini: 6.1
~AC_QUEST/AC_QUEST.TP2~ #1 #8 // A Home for the Gibberlings: 6.1
~AC_QUEST/AC_QUEST.TP2~ #1 #9 // Fangirls: 6.1
~AC_QUEST/AC_QUEST.TP2~ #1 #11 // The Serpents of Abbathor -> Tweaked version: quest can be finished in BG1.: 6.1
~BST/SETUP-BST.TP2~ #0 #0 // The BS Company presents Balduran's Seatower: vEAOB.9
~BG1NPC/BG1NPC.TP2~ #0 #0 // The BG1 NPC Project: Required Modifications: v32
~BG1NPC/BG1NPC.TP2~ #0 #10 // The BG1 NPC Project: Banters, Quests, and Interjections: v32
~BG1NPC/BG1NPC.TP2~ #0 #20 // The BG1 NPC Project: Ajantis Romance Core (teen content) -> Speed: 1 hour real time (standard) minimum between LoveTalks: v32
~BG1NPC/BG1NPC.TP2~ #0 #30 // The BG1 NPC Project: Branwen's Romance Core (teen content) -> Speed: 1 hour real time (standard) minimum between LoveTalks: v32
~BG1NPC/BG1NPC.TP2~ #0 #40 // The BG1 NPC Project: Coran's Romance Core (adult content) -> Speed: 1 hour real time (standard) minimum between LoveTalks: v32
~BG1NPC/BG1NPC.TP2~ #0 #50 // The BG1 NPC Project: Dynaheir's Romance Core (teen content) -> Speed: 1 hour real time (standard) minimum between LoveTalks: v32
~BG1NPC/BG1NPC.TP2~ #0 #60 // The BG1 NPC Project: Shar-Teel Relationship Core (adult content) -> Speed: 1 hour real time (standard) minimum between LoveTalks: v32
~BG1NPC/BG1NPC.TP2~ #0 #70 // The BG1 NPC Project: Xan's Romance Core (teen content) -> Speed: 1 hour real time (standard) minimum between LoveTalks: v32
~BG1NPC/BG1NPC.TP2~ #0 #80 // The BG1 NPC Project: Female Romance Challenges, Ajantis vs Xan vs Coran: v32
~BG1NPC/BG1NPC.TP2~ #0 #110 // BGEE Banter Timing Tweak -> Banter Timing: Normal (about 27 minutes between banter dialogs): v32
~BG1NPC/BG1NPC.TP2~ #0 #130 // The BG1 NPC Project: Sarevok's Diary Adjustments -> SixofSpades Extended Sarevok's Diary: v32
~BG1NPC/BG1NPC.TP2~ #0 #240 // The BG1 NPC Project: Kivan's Proficiency -> Kivan uses spears: v32
~BG1NPC/BG1NPC.TP2~ #0 #160 // The BG1 NPC Project: Add Non-Joinable NPC portraits to quests and dialogues: v32
~BG1NPCMUSIC/SETUP-BG1NPCMUSIC.TP2~ #0 #0 // The BG1 NPC Project Music Pack -> Install All Audio: v6
~C#ENDLESSBG1/C#ENDLESSBG1.TP2~ #0 #0 // Endless BG1: Main Component (Required): 20
~C#ENDLESSBG1/C#ENDLESSBG1.TP2~ #0 #1 // More Flavor to Hero of Baldur's Gate (Includes PC's Residence Inside Palace): 20
~C#ENDLESSBG1/C#ENDLESSBG1.TP2~ #0 #3 // Sarevok's Unique Items: 20
~C#ENDLESSBG1/C#ENDLESSBG1.TP2~ #0 #4 // Sarevok's Sword: 20
~C#ENDLESSBG1/C#ENDLESSBG1.TP2~ #0 #5 // Imoen and Duke Jannath (Imoen Gets Residence Inside Palace): 20
~C#ENDLESSBG1/C#ENDLESSBG1.TP2~ #0 #6 // Duke Eltan Is in the Palace: 20
~C#ENDLESSBG1/C#ENDLESSBG1.TP2~ #0 #7 // Flaming Fist After Final Fight: 20
~C#ENDLESSBG1/C#ENDLESSBG1.TP2~ #0 #8 // Elminster Makes an Appearance -> jastey's Version: 20
~C#ENDLESSBG1/C#ENDLESSBG1.TP2~ #0 #12 // Denkod in Thieves' Guild Comments on Sarevok's Death: 20
~BG1RE/SETUP-BG1RE.TP2~ #0 #105 // Main Component: Amount of -ahem- details and BG-style vs. description text! (Required) -> Descriptive Version [Adult content] and Show/Install all Components with Warnings.: 13
~BG1RE/SETUP-BG1RE.TP2~ #0 #1 // Bardolan's Briefing, by berelinde: 13
~BG1RE/SETUP-BG1RE.TP2~ #0 #2 // Scar's Spare Time, by jastey: 13
~BG1RE/SETUP-BG1RE.TP2~ #0 #3 // Kim's Preoccupation, by jastey (WARNING - refer to the readme!): 13
~BG1RE/SETUP-BG1RE.TP2~ #0 #4 // Extension of Bjornin Encounter (Personal Wound Treatment), by jastey: 13
~BG1RE/SETUP-BG1RE.TP2~ #0 #5 // No Starch in the Maypole: 13
~BG1RE/SETUP-BG1RE.TP2~ #0 #6 // Duke Eltan's Spare Minute, by jastey: 13
~BG1RE/SETUP-BG1RE.TP2~ #0 #7 // Husam's Personal Preparation, by jastey: 13
~BG1RE/SETUP-BG1RE.TP2~ #0 #8 // Laurel's Post-Hunting, by jastey: 13
~BG1RE/SETUP-BG1RE.TP2~ #0 #9 // Bartus' Seduction, by jastey: 13
~BG1RE/SETUP-BG1RE.TP2~ #0 #10 // Lina's Massage, by jastey: 13
~BG1RE/SETUP-BG1RE.TP2~ #0 #11 // First Night with Quentin, by Kulyok: 13
~BG1RE/SETUP-BG1RE.TP2~ #0 #12 // Chatting Niklos Up, by Kulyok (mature content. WARNING - refer to the readme!): 13
~BG1RE/SETUP-BG1RE.TP2~ #0 #13 // Slythe and Krystin, by Kulyok (mature content. WARNING - refer to the readme!): 13
~BG1RE/SETUP-BG1RE.TP2~ #0 #14 // No Regrets: 13
~BG1RE/SETUP-BG1RE.TP2~ #0 #15 // Purchased Love, by Thimblerig: 13
~BG1RE/SETUP-BG1RE.TP2~ #0 #16 // Hull: Heavy Duty, by Lava: 13
~BG1RE/SETUP-BG1RE.TP2~ #0 #17 // Late Night with Jaheira, by Kulyok: 13
~BG1RE/SETUP-BG1RE.TP2~ #0 #18 // Sil's Blessing, by Lava: 13
~BG1RE/SETUP-BG1RE.TP2~ #0 #19 // Melicamp: The Poultry Boy, by Lava: 13
~BG1RE/SETUP-BG1RE.TP2~ #0 #20 // Reading with Rinnie, by Western Paladin: 13
~BG1RE/SETUP-BG1RE.TP2~ #0 #21 // Molly the Husband-Grabber, by Kulyok: 13
~BG1RE/SETUP-BG1RE.TP2~ #0 #22 // The Mourning of Centeol, the Spider Lady, by Lava: 13
~BG1RE/SETUP-BG1RE.TP2~ #0 #23 // The Essential End, by Lava (WARNING - refer to the readme!): 13
~BG1RE/SETUP-BG1RE.TP2~ #0 #24 // The Harvestmen Lair, by Lava (mature content): 13
~BG1RE/SETUP-BG1RE.TP2~ #0 #25 // The Great Zudini, by Kulyok (mature content): 13
~BG1RE/SETUP-BG1RE.TP2~ #0 #26 // The Messenger, by Thimblerig: 13
~BG1RE/SETUP-BG1RE.TP2~ #0 #27 // Ender Sai, the Hero's Reward, by Thimblerig (WARNING - refer to the readme!): 13
~BG1RE/SETUP-BG1RE.TP2~ #0 #28 // The Novelists, by Thimblerig: 13
~BG1RE/SETUP-BG1RE.TP2~ #0 #29 // The Honest Lies of Two Riversides, By Lava: 13
~BG1RE/SETUP-BG1RE.TP2~ #0 #30 // Necromancer's Trouble, by jastey: 13
~BG1RE/SETUP-BG1RE.TP2~ #0 #31 // Dinner with Thalantyr, by jastey: 13
~BG1RE/SETUP-BG1RE.TP2~ #0 #32 // Girdle of Gender Reactions, by Thimblerig, Kulyok, Domi, Lava, Lastknightleft, Twani, Jastey, Daisy Ninja Girl: 13
~BG1RE/SETUP-BG1RE.TP2~ #0 #33 // The Surgeon's Dream, by Kulyok: 13
~BG1RE/SETUP-BG1RE.TP2~ #0 #34 // All That Left Was, by Lava and Thimblerig: 13
~BG1RE/SETUP-BG1RE.TP2~ #0 #35 // A Childhood Friend, by Kulyok: 13
~BG1RE/SETUP-BG1RE.TP2~ #0 #36 // Arlene the Working Girl, by Kulyok: 13
~BG1RE/SETUP-BG1RE.TP2~ #0 #37 // Della May from Thay, by Kulyok: 13
~BG1RE/SETUP-BG1RE.TP2~ #0 #38 // A Dirty Guard in Candlekeep, by Kulyok (mature content. WARNING - refer to the readme!): 13
~BG1RE/SETUP-BG1RE.TP2~ #0 #39 // Phoenix Flame, by Kulyok (mature content): 13
~BG1RE/SETUP-BG1RE.TP2~ #0 #40 // Mikala the Monk, by Twani: 13
~BG1RE/SETUP-BG1RE.TP2~ #0 #41 // The Messenger 2: Rain or Snow or Gloom of Night, by Thimblerig and tibicina: 13
~BG1RE/SETUP-BG1RE.TP2~ #0 #42 // Camryn and Tamah, by tibicina: 13
~BG1RE/SETUP-BG1RE.TP2~ #0 #43 // Minor Disclosures, by jastey: 13
~BG1RE/SETUP-BG1RE.TP2~ #0 #44 // Cloakwood Lovers, by tibicina: 13
~DRAKE/SETUP-DRAKE.TP2~ #0 #0 // Drake NPC for Baldur's Gate: Enhanced Edition: 1.7
~DRAKE/SETUP-DRAKE.TP2~ #0 #1 // Choose a portrait for Drake: -> Default Portrait (The Artisan): 1.7
~AURA_BG1/SETUP-AURA_BG1.TP2~ #0 #0 // Aura NPC for Baldur's Gate: Enhanced Edition: 3.3
~AURA_BG1/SETUP-AURA_BG1.TP2~ #0 #1 // Choose a class for Aura: -> Artificer (Thief): 3.3
~AURA_BG1/SETUP-AURA_BG1.TP2~ #0 #5 // Choose a portrait for Aura: -> Default Portrait (The Artisan): 3.3
~SIRENE/SETUP-SIRENE.TP2~ #0 #0 // Sirene NPC for Baldur's Gate: Enhanced Edition
~SIRENE/SETUP-SIRENE.TP2~ #0 #1 // Choose an alternate portrait for Sirene? -> BG2 Default (Isandir)
~BG1UB/SETUP-BG1UB.TP2~ #0 #0 // Ice Island Level Two Restoration: v16.4
~BG1UB/SETUP-BG1UB.TP2~ #0 #11 // Scar and the Sashenstar's Daughter: v16.4
~BG1UB/SETUP-BG1UB.TP2~ #0 #12 // Quoningar, the Cleric: v16.4
~BG1UB/SETUP-BG1UB.TP2~ #0 #13 // Shilo Chen and the Ogre-Magi: v16.4
~BG1UB/SETUP-BG1UB.TP2~ #0 #14 // Edie, the Merchant League Applicant: v16.4
~BG1UB/SETUP-BG1UB.TP2~ #0 #16 // Creature Corrections: v16.4
~BG1UB/SETUP-BG1UB.TP2~ #0 #17 // Creature Restorations: v16.4
~BG1UB/SETUP-BG1UB.TP2~ #0 #18 // Creature Name Restorations: v16.4
~BG1UB/SETUP-BG1UB.TP2~ #0 #19 // Minor Dialogue Restorations: v16.4
~BG1UB/SETUP-BG1UB.TP2~ #0 #21 // Store, Tavern and Inn Fixes and Restorations: v16.4
~BG1UB/SETUP-BG1UB.TP2~ #0 #22 // Item Corrections and Restorations: v16.4
~BG1UB/SETUP-BG1UB.TP2~ #0 #29 // Duke Eltan in the Harbor Master's Building: v16.4
~BG1UB/SETUP-BG1UB.TP2~ #0 #30 // Nim Furlwing Encounter: v16.4
~BG1UB/SETUP-BG1UB.TP2~ #0 #32 // Svlast, the Fallen Paladin Encounter: v16.4
~BG1UB/SETUP-BG1UB.TP2~ #0 #33 // Mal-Kalen, the Ulcaster Ghost: v16.4
~BG1UB/SETUP-BG1UB.TP2~ #0 #34 // Chapter 6 Dialogue Restorations: v16.4
~AJANTISBG1/SETUP-AJANTISBG1.TP2~ #0 #0 // Installs Ajantis BG1 Expansion Modification: 21
~AJANTISBG1/SETUP-AJANTISBG1.TP2~ #0 #1 // Install the unique BG:EE BAM for Ajantis' Family Shield: 21
~AJANTISBG1/SETUP-AJANTISBG1.TP2~ #0 #30 // Ajantis SoD NPC: Crossmod Content: 21
~INDINPC/INDINPC.TP2~ #0 #0 // Indira NPC: v15.1
~SOTSC/SOTSC.TP2~ #0 #0 // Shades of the Sword Coast - Expansion Pack for BGEE: v8.9
~GLAMNPCPACK/SETUP-GLAMNPCPACK.TP2~ #0 #0 // Glam's NPC Pack for BG:EE, BGT and BG TUTU: v5
~THECALLING/THECALLING.TP2~ #0 #0 // The Calling: v5
~THECALLING/THECALLING.TP2~ #0 #20 // Peaceful Werewolf Isle Resolution: v5
~THECALLING/THECALLING.TP2~ #0 #40 // Exotic Item Pack: v5
~BLACKHEARTS_BG1/SETUP-BLACKHEARTS_BG1.TP2~ #0 #0 // Install Black Hearts BG1 - The Hunter: v1.0
~GORGON/SETUP-GORGON.TP2~ #0 #0 // Install The Gorgon's Eye: v4.8
~GORGON/SETUP-GORGON.TP2~ #0 #1 // NPC Character Portraits -> Give portraits to all characters added from this mod: v4.8
~EMILY/EMILY.TP2~ #0 #0 // Emily NPC for BG1EE: 1.65
~EMILY/EMILY.TP2~ #0 #1 // Choose whether or not to have Emily's custom soundtrack play during timed talks. -> Emily's Music: 1.65
~HELGA/SETUP-HELGA.TP2~ #0 #0 // Helga NPC Mod: 1.56
~HELGA/SETUP-HELGA.TP2~ #0 #1 // Helga Alternate Class: Fighter/Priest of Haela -> Fighter/Priest of Haela (Fighter Multi-class): 1.56
~KALE/KALE.TP2~ #0 #0 // Kale NPC for BG1EE and SoD: 1.69
~KALE/KALE.TP2~ #0 #1 // Give Kale the Warden Class? (Recommended) -> Warden(Fighter Kit): 1.69
~RECORDER/SETUP-RECORDER.TP2~ #0 #0 // Recorder NPC MoD: 1.51
~RECORDER/SETUP-RECORDER.TP2~ #0 #1 // Choose whether or not to have Recorder's custom soundtrack play during timed talks. -> Recorder's Music: 1.51
~VIENXAY/VIENXAY.TP2~ #0 #0 // Vienxay NPC for BG1EE: 1.67
