~LEUI/LEUI.TP2~ #0 #0 // lefreut's Enhanced UI - Core component: 4.9
~LEUI/LEUI.TP2~ #0 #1 // lefreut's Enhanced UI - BG2 vanilla bams for spells: 4.9
~LEUI/LEUI.TP2~ #0 #2 // lefreut's Enhanced UI - BG2 vanilla fonts for descriptions: 4.9
BG1UB
~C#ENDLESSBG1/C#ENDLESSBG1.TP2~ #0 #0 // Endless BG1: Main Component (Required): 19
~C#ENDLESSBG1/C#ENDLESSBG1.TP2~ #0 #1 // More Flavor to Hero of Baldur's Gate (Includes PC's Residence Inside Palace): 19
~C#ENDLESSBG1/C#ENDLESSBG1.TP2~ #0 #2 // Short Public Hero Tribute: 19
~C#ENDLESSBG1/C#ENDLESSBG1.TP2~ #0 #3 // Sarevok's Unique Items: 19
~C#ENDLESSBG1/C#ENDLESSBG1.TP2~ #0 #4 // Sarevok's Sword: 19
~C#ENDLESSBG1/C#ENDLESSBG1.TP2~ #0 #6 // Duke Eltan Is in the Palace: 19
~C#ENDLESSBG1/C#ENDLESSBG1.TP2~ #0 #8 // Elminster Makes an Appearance -> jastey's Version: 19
~C#ENDLESSBG1/C#ENDLESSBG1.TP2~ #0 #10 // First Refugees Come to Baldur's Gate: 19
~C#ENDLESSBG1/C#ENDLESSBG1.TP2~ #0 #11 // Ophyllis the Treasurer is Inside Palace Dungeon: 19
~C#ENDLESSBG1/C#ENDLESSBG1.TP2~ #0 #12 // Denkod in Thieves' Guild Comments on Sarevok's Death: 19
~C#ENDLESSBG1/C#ENDLESSBG1.TP2~ #0 #13 // Skip Thieves' Maze Once After Sarevok's Death: 19
~C#ENDLESSBG1/C#ENDLESSBG1.TP2~ #0 #15 // Fenster the Palace Healer Is in the Palace: 19
~C#ENDLESSBG1/C#ENDLESSBG1.TP2~ #0 #16 // Captain Corwin Is in the Palace: 19
~C#SODBOABRI/C#SODBOABRI.TP2~ #0 #0 // Scene at Boareskyr Bridge will be Acknowledged: Add NPC Reactions: v7
~C#SODBOABRI/C#SODBOABRI.TP2~ #0 #1 // Add Description Text to Original Scene at Bridge: v7
~C#SODBOABRI/C#SODBOABRI.TP2~ #0 #2 // Bridge Scene has Different Choices: v7
~C#SODBOABRI/C#SODBOABRI.TP2~ #0 #3 // Add Stat Changes to Choices at Bridge: v7
~C#SODTWEAKS/SETUP-C#SODTWEAKS.TP2~ #0 #2 // Do Not Miss NPC-PC Dialogues -> For NPCs in Party Only: v12.1
~C#SODTWEAKS/SETUP-C#SODTWEAKS.TP2~ #0 #5 // More Dialogue Choices & Prevent Dead Ends: v12.1
~C#SODTWEAKS/SETUP-C#SODTWEAKS.TP2~ #0 #20 // Make Portal Close from Dragonspear Castle (Aun Argent survives always): v12.1
~C#SODTWEAKS/SETUP-C#SODTWEAKS.TP2~ #0 #21 // Hephernaan takes Dragonspear Vault Key: v12.1
~NTOTSC/NTOTSC.TP2~ #0 #0 // Northern Tales of the Sword Coast (NTotSC) for BGT-Weidu, BG:EE, and EET: 5.0.0
~NTOTSC/NTOTSC.TP2~ #0 #2 // Keelor the Dwarf: 5.0.0
~NTOTSC/NTOTSC.TP2~ #0 #3 // Llindellyn's Lucky Arrow: 5.0.0
~NTOTSC/NTOTSC.TP2~ #0 #5 // Pilar and Gheldehar: 5.0.0
~NTOTSC/NTOTSC.TP2~ #0 #9 // Fighting Encounters: 5.0.0
~NTOTSC/NTOTSC.TP2~ #0 #10 // Improved Lesser Fiends: 5.0.0
~NTOTSC/NTOTSC.TP2~ #0 #11 // Improved Haeball: 5.0.0
~NTOTSC/NTOTSC.TP2~ #0 #12 // Improved Ghotal: 5.0.0
~NTOTSC/NTOTSC.TP2~ #0 #14 // Reduce Number of Shaman Cloaks -> Make Cloaks Undroppable: 5.0.0
~BG1RE/SETUP-BG1RE.TP2~ #0 #105 // Main Component: Amount of -ahem- details and BG-style vs. description text! (Required) -> Descriptive Version [Adult content] and Show/Install all Components with Warnings.: 12
~BG1RE/SETUP-BG1RE.TP2~ #0 #2 // Scar's Spare Time, by jastey: 12
~BG1RE/SETUP-BG1RE.TP2~ #0 #3 // Kim's Preoccupation, by jastey (WARNING - refer to the readme!): 12
~BG1RE/SETUP-BG1RE.TP2~ #0 #5 // No Starch in the Maypole: 12
~BG1RE/SETUP-BG1RE.TP2~ #0 #6 // Duke Eltan's Spare Minute, by jastey: 12
~BG1RE/SETUP-BG1RE.TP2~ #0 #8 // Laurel's Post-Hunting, by jastey: 12
~BG1RE/SETUP-BG1RE.TP2~ #0 #10 // Lina's Massage, by jastey: 12
~BG1RE/SETUP-BG1RE.TP2~ #0 #13 // Slythe and Krystin, by Kulyok (mature content. WARNING - refer to the readme!): 12
~BG1RE/SETUP-BG1RE.TP2~ #0 #14 // No Regrets: 12
~BG1RE/SETUP-BG1RE.TP2~ #0 #17 // Late Night with Jaheira, by Kulyok: 12
~BG1RE/SETUP-BG1RE.TP2~ #0 #18 // Sil's Blessing, by Lava: 12
~BG1RE/SETUP-BG1RE.TP2~ #0 #20 // Reading with Rinnie, by Western Paladin: 12
~BG1RE/SETUP-BG1RE.TP2~ #0 #21 // Molly the Husband-Grabber, by Kulyok: 12
~BG1RE/SETUP-BG1RE.TP2~ #0 #22 // The Mourning of Centeol, the Spider Lady, by Lava: 12
~BG1RE/SETUP-BG1RE.TP2~ #0 #23 // The Essential End, by Lava (WARNING - refer to the readme!): 12
~BG1RE/SETUP-BG1RE.TP2~ #0 #24 // The Harvestmen Lair, by Lava (mature content): 12
~BG1RE/SETUP-BG1RE.TP2~ #0 #26 // The Messenger, by Thimblerig: 12
~BG1RE/SETUP-BG1RE.TP2~ #0 #28 // The Novelists, by Thimblerig: 12
~BG1RE/SETUP-BG1RE.TP2~ #0 #29 // The Honest Lies of Two Riversides, By Lava: 12
~BG1RE/SETUP-BG1RE.TP2~ #0 #30 // Necromancer's Trouble, by jastey: 12
~BG1RE/SETUP-BG1RE.TP2~ #0 #31 // Dinner with Thalantyr, by jastey: 12
~BG1RE/SETUP-BG1RE.TP2~ #0 #32 // Girdle of Gender Reactions, by Thimblerig, Kulyok, Domi, Lava, Lastknightleft, Twani, Jastey, Daisy Ninja Girl: 12
~BG1RE/SETUP-BG1RE.TP2~ #0 #34 // All That Left Was, by Lava and Thimblerig: 12
~BG1RE/SETUP-BG1RE.TP2~ #0 #36 // Arlene the Working Girl, by Kulyok: 12
~BG1RE/SETUP-BG1RE.TP2~ #0 #37 // Della May from Thay, by Kulyok: 12
~BG1RE/SETUP-BG1RE.TP2~ #0 #40 // Mikala the Monk, by Twani: 12
~BG1RE/SETUP-BG1RE.TP2~ #0 #41 // The Messenger 2: Rain or Snow or Gloom of Night, by Thimblerig and tibicina: 12
~BG1RE/SETUP-BG1RE.TP2~ #0 #42 // Camryn and Tamah, by tibicina: 12
~BG1RE/SETUP-BG1RE.TP2~ #0 #43 // Minor Disclosures, by jastey: 12
~BG1RE/SETUP-BG1RE.TP2~ #0 #44 // Cloakwood Lovers, by tibicina: 12
~SIRINESCALL/SETUP-SIRINESCALL.TP2~ #0 #0 // The Lure of the Sirine's Call: v16.3
~BGQE/SETUP-BGQE.TP2~ #0 #0 // Slime Quest: 27
~BGQE/SETUP-BGQE.TP2~ #0 #1 // Beregost Family Quest: 27
~BGQE/SETUP-BGQE.TP2~ #0 #3 // Nashkel Monster Quest: 27
~BGQE/SETUP-BGQE.TP2~ #0 #4 // Fallen Paladin Quest: 27
~BGQE/SETUP-BGQE.TP2~ #0 #5 // Undying Love Quest: 27
~BGQE/SETUP-BGQE.TP2~ #0 #7 // Unexpected Help Quest: 27
~BGQE/SETUP-BGQE.TP2~ #0 #9 // Drunk near Beregost Temple: 27
~BGQE/SETUP-BGQE.TP2~ #0 #10 // A Warm Place for Noober: 27
~BGQE/SETUP-BGQE.TP2~ #0 #11 // Brage's Sword: 27
~BGQE/SETUP-BGQE.TP2~ #0 #12 // Legal Sea Charts Sources: 27
~BGQE/SETUP-BGQE.TP2~ #0 #13 // Additions to the Lady's Hall and the Bitch Queen's Temple: 27
~BGQE/SETUP-BGQE.TP2~ #0 #14 // A Worried Farmer: 27
~BGQE/SETUP-BGQE.TP2~ #0 #15 // Bodies for a Good Cause: 27
~BGQE/SETUP-BGQE.TP2~ #0 #16 // Finish Cordyr's Quest without killing Sil: 27
~AC_QUEST/AC_QUEST.TP2~ #1 #0 // A Job Well-Paid: 5.2
~AC_QUEST/AC_QUEST.TP2~ #1 #1 // A Feast for the Gnolls: 5.2
~AC_QUEST/AC_QUEST.TP2~ #1 #4 // The Lost Son: 5.2
~AC_QUEST/AC_QUEST.TP2~ #1 #5 // Of Wolves and Men -> Quest uses hut near Thalantyr in High Hedge.: 5.2
~AC_QUEST/AC_QUEST.TP2~ #1 #7 // The Great Carlini: 5.2
~AC_QUEST/AC_QUEST.TP2~ #1 #8 // A Home for the Gibberlings: 5.2
~AC_QUEST/AC_QUEST.TP2~ #1 #9 // Fangirls: 5.2
~AC_QUEST/AC_QUEST.TP2~ #1 #11 // The Serpents of Abbathor -> Tweaked version: quest can be finished in BG1.: 5.2
~AC_QUEST/AC_QUEST.TP2~ #1 #12 // A Halfling among the Eyeless: 5.2
~GORGON/SETUP-GORGON.TP2~ #0 #0 // Install The Gorgon's Eye: v4.8
~GORGON/SETUP-GORGON.TP2~ #0 #1 // NPC Character Portraits -> Give portraits to all characters added from this mod: v4.8
~GORGON/SETUP-GORGON.TP2~ #0 #4 // Add More Pickpocketable Items: v4.8
~BLACKHEARTS EET/SETUP-BLACKHEARTS EET.TP2~ #0 #0 // Install Blackhearts for EET: v1.0
~BST/SETUP-BST.TP2~ #0 #0 // The BS Company presents Balduran's Seatower: vEAOB.9
~THECALLING/THECALLING.TP2~ #0 #0 // The Calling: v5
~THECALLING/THECALLING.TP2~ #0 #20 // Peaceful Werewolf Isle Resolution: v5
~THECALLING/THECALLING.TP2~ #0 #40 // Exotic Item Pack: v5
~REFLECTIONS/REFLECTIONS.TP2~ #0 #100 // Reflections of Destiny Part 1: The Mirror Shard: 0.5.9
~REFLECTIONS/REFLECTIONS.TP2~ #0 #200 // Reflections of Destiny Part 2: Back to the Future: 0.5.9
~REFLECTIONS/REFLECTIONS.TP2~ #0 #400 // Reflections of Destiny Part 4: Nothing to Feyr but Feyr Itself: 0.5.9
~SOTSC/SOTSC.TP2~ #0 #0 // Shades of the Sword Coast - Expansion Pack for BGEE: v8.8
~LORETAKERS/SETUP-LORETAKERS.TP2~ #0 #0 // Loretakers V 1.4: V 1.4
~BG1NPC/BG1NPC.TP2~ #0 #0 // The BG1 NPC Project: Required Modifications: v32
~BG1NPC/BG1NPC.TP2~ #0 #10 // The BG1 NPC Project: Banters, Quests, and Interjections: v32
~BG1NPC/BG1NPC.TP2~ #0 #31 // The BG1 NPC Project: Branwen's Romance Core (teen content) -> Speed: 45 minutes real time minimum between LoveTalks: v32
~BG1NPC/BG1NPC.TP2~ #0 #51 // The BG1 NPC Project: Dynaheir's Romance Core (teen content) -> Speed: 45 minutes real time minimum between LoveTalks: v32
~BG1NPC/BG1NPC.TP2~ #0 #61 // The BG1 NPC Project: Shar-Teel Relationship Core (adult content) -> Speed: 45 minutes real time minimum between LoveTalks: v32
~BG1NPC/BG1NPC.TP2~ #0 #90 // The BG1 NPC Project: NPCs can be sent to wait in an inn: v32
~BG1NPC/BG1NPC.TP2~ #0 #110 // BGEE Banter Timing Tweak -> Banter Timing: Normal (about 27 minutes between banter dialogs): v32
~BG1NPC/BG1NPC.TP2~ #0 #120 // The BG1 NPC Project: Bardic Reputation Adjustment: v32
~BG1NPC/BG1NPC.TP2~ #0 #130 // The BG1 NPC Project: Sarevok's Diary Adjustments -> SixofSpades Extended Sarevok's Diary: v32
~BG1NPC/BG1NPC.TP2~ #0 #150 // The BG1 NPC Project: Kivan's "Kivan and Deheriana Companions" portrait: v32
~BG1NPC/BG1NPC.TP2~ #0 #155 // The BG1 NPC Project: Give Coran his "Murder in Baldur's Gate" portrait: v32
~BG1NPC/BG1NPC.TP2~ #0 #160 // The BG1 NPC Project: Add Non-Joinable NPC portraits to quests and dialogues: v32
BG1NPCMUSIC
~AJANTISBG1/SETUP-AJANTISBG1.TP2~ #0 #0 // Installs Ajantis BG1 Expansion Modification: 20.1
~AJANTISBG1/SETUP-AJANTISBG1.TP2~ #0 #1 // Install the unique BG:EE BAM for Ajantis' Family Shield: 20.1
~ISRA/ISRA.TP2~ #0 #0 // Isra NPC Mod for BG:EE, EET, BGT and TuTu: v3.5
INDINPC
GLAMNPCPACK
~EMILY/EMILY.TP2~ #0 #0 // Emily NPC for BG1EE: 1.65
~HELGA/SETUP-HELGA.TP2~ #0 #0 // Helga NPC Mod: 1.56
~HELGA/SETUP-HELGA.TP2~ #0 #1 // Helga Alternate Class: Fighter/Priest of Haela -> Fighter/Priest of Haela (Fighter Multi-class): 1.56
~KALE/KALE.TP2~ #0 #0 // Kale NPC for BG1EE and SoD: 1.69
~KALE/KALE.TP2~ #0 #1 // Give Kale the Warden Class? (Recommended) -> Warden(Fighter Kit): 1.69
~RECORDER/SETUP-RECORDER.TP2~ #0 #0 // Recorder NPC MoD: 1.51
~VIENXAY/VIENXAY.TP2~ #0 #0 // Vienxay NPC for BG1EE: 1.67
~KVEL_BG1/SETUP-KVEL_BG1.TP2~ #0 #0 // Kvel NPC for Baldur's Gate: Enhanced Edition
~AURA_BG1/SETUP-AURA_BG1.TP2~ #0 #0 // Aura NPC for Baldur's Gate: Enhanced Edition: 3.3
~AURA_BG1/SETUP-AURA_BG1.TP2~ #0 #3 // Choose a class for Aura: -> Priestess / Artificer (Cleric / Thief): 3.3
~AURA_BG1/SETUP-AURA_BG1.TP2~ #0 #4 // Choose a portrait for Aura: -> Default Portrait (The Artisan): 3.3
~AURA_BG1/SETUP-AURA_BG1.TP2~ #0 #13 // ADD-ON: Pre-version 3.4 soundset for Aura by Kait: 3.3
DRAKE
SIRENE
~NEERABANTERS/NEERABANTERS.TP2~ #0 #10 // Neera Banters: Dialogue Banters and Interjections: v0.9.3
~NEERABANTERS/NEERABANTERS.TP2~ #0 #20 // Neera Banters: Interaction Banters: v0.9.3
~NEERABANTERS/NEERABANTERS.TP2~ #0 #30 // Neera Banters: DLC Portraits -> DLC Portrait #1: v0.9.3
~CHATTYIMOEN/CHATTYIMOEN.TP2~ #0 #0 // Chatty Imoen: Expanded Character Sounds: 1.5
~CHATTYIMOEN/CHATTYIMOEN.TP2~ #0 #10 // Chatty Imoen: Add NPC Interactions: 1.5
~NEERA/NEERA.TP2~ #0 #0 // Neera Expansion: v1.3.1
~NEERA/NEERA.TP2~ #0 #3 // How much time would you like between talks (approximately)? -> 1 hour: v1.3.1
~NEERA/NEERA.TP2~ #0 #6 // Make Neera romanceable by women: v1.3.1
~C#BRAGE/C#BRAGE.TP2~ #0 #0 // Brage's Redemption - Brage Joinable NPC for Baldur's Gate: 9.1
~C#BRAGE/C#BRAGE.TP2~ #0 #1 // Assign the mod's portrait and soundset to the original Brage in game.: 9.1
~GARRICK-TT/SETUP-GARRICK-TT.TP2~ #1 #0 // Garrick: Tales of a Troubadour: 1.27
~SODRTD/SODRTD.TP2~ #0 #80 // SoD - Stat-based observations and quest options from Lauriel's Themed Tweaks Mod: 4.0
~SODRTD/SODRTD.TP2~ #0 #0 // Main Component: Tracking System: 4.0
~SODRTD/SODRTD.TP2~ #0 #10 // Consistency Changes to Game Dialogues: 4.0
~SODRTD/SODRTD.TP2~ #0 #20 // Officers Are Aware: 4.0
~SODRTD/SODRTD.TP2~ #0 #30 // Give PC Informed Reply Options: 4.0
~SODRTD/SODRTD.TP2~ #0 #40 // PC Can Tell the Officers: 4.0
~SODRTD/SODRTD.TP2~ #0 #50 // Add Officers Reactions: 4.0
~SODRTD/SODRTD.TP2~ #0 #60 // Additional Info Points: 4.0
~THALAN/THALAN.TP2~ #0 #0 // Thalantyr Item Upgrade: v4.5.1
~ITEM_REV/ITEM_REV.TP2~ #0 #0 // Item Revisions by Demivrgvs: v4beta10sd19
~AJANTISBG1/SETUP-AJANTISBG1.TP2~ #0 #30 // Ajantis SoD NPC: Crossmod Content: 20.1
~ISRA_BG2/ISRA_BG2.TP2~ #0 #1 // Isra Crossmod Content: v3.1
~C#BRAGE/C#BRAGE.TP2~ #0 #5 // Give Brage unique Two-Handed Sword +1: 9.1
~C#BRAGE/C#BRAGE.TP2~ #0 #10 // Brage's Redemption: Crossmod Content: 9.1
~ITEM_REV/ITEM_REV.TP2~ #0 #1030 // Store Revisions: v4beta10sd19
~SPELL_REV/SETUP-SPELL_REV.TP2~ #0 #0 // Spell Revisions: v4.19
~SPELL_REV/SETUP-SPELL_REV.TP2~ #0 #20 // Mirror Image Fix: v4.19
~SPELL_REV/SETUP-SPELL_REV.TP2~ #0 #30 // Dispel Magic Fix: v4.19
~SPELL_REV/SETUP-SPELL_REV.TP2~ #0 #55 // Spell Deflection blocks AoE spells: v4.19
~SPELL_REV/SETUP-SPELL_REV.TP2~ #0 #60 // Update Spellbooks of Joinable NPCs: v4.19
~SUBTLED_SPELL_TWEAKS/SUBTLED_SPELL_TWEAKS.TP2~ #0 #10 // Rebalanced Spell Schools: 2.8.8
~SUBTLED_SPELL_TWEAKS/SUBTLED_SPELL_TWEAKS.TP2~ #0 #25 // Revised Arcane Opposition Schools -> BG2-style Opposition Schools, Low-Level Spells Allowed: 2.8.8
~SUBTLED_SPELL_TWEAKS/SUBTLED_SPELL_TWEAKS.TP2~ #0 #30 // High-Level Spells Penetrate Magic Resistance: 2.8.8
~SUBTLED_SPELL_TWEAKS/SUBTLED_SPELL_TWEAKS.TP2~ #0 #36 // Level Drain Effects -> Add a Saving Throw Against Level Drain: 2.8.8
~SUBTLED_SPELL_TWEAKS/SUBTLED_SPELL_TWEAKS.TP2~ #0 #40 // Revised Illusionary Clones: 2.8.8
~SUBTLED_SPELL_TWEAKS/SUBTLED_SPELL_TWEAKS.TP2~ #0 #45 // Revised Invisibility and True Seeing: 2.8.8
~SUBTLED_SPELL_TWEAKS/SUBTLED_SPELL_TWEAKS.TP2~ #0 #50 // Make Haste and Slow Properly Cancel Each Other: 2.8.8
~SUBTLED_SPELL_TWEAKS/SUBTLED_SPELL_TWEAKS.TP2~ #0 #55 // Cure Spells Bypass Spell Deflection: 2.8.8
~SUBTLED_SPELL_TWEAKS/SUBTLED_SPELL_TWEAKS.TP2~ #0 #61 // Cantrips -> Innate Cantrips: 2.8.8
~SUBTLED_SPELL_TWEAKS/SUBTLED_SPELL_TWEAKS.TP2~ #0 #81 // Choose-Your-Own Familiar: 2.8.8
~SUBTLED_SPELL_TWEAKS/SUBTLED_SPELL_TWEAKS.TP2~ #0 #82 // Pooky's Mod: Imbue Familiars: 2.8.8
~SUBTLED_SPELL_TWEAKS/SUBTLED_SPELL_TWEAKS.TP2~ #0 #83 // Give Innate Cantrips to Familiars: 2.8.8
~SUBTLED_SPELL_TWEAKS/SUBTLED_SPELL_TWEAKS.TP2~ #0 #1152 // Improve Faerie Fire: 2.8.8
~SUBTLED_SPELL_TWEAKS/SUBTLED_SPELL_TWEAKS.TP2~ #0 #1151 // Reduce Damage but Improve Blindness in SR's Sunscorch: 2.8.8
~SUBTLED_SPELL_TWEAKS/SUBTLED_SPELL_TWEAKS.TP2~ #0 #1202 // Make Barkskin Block One Attack Each Round: 2.8.8
~SUBTLED_SPELL_TWEAKS/SUBTLED_SPELL_TWEAKS.TP2~ #0 #1207 // Make Goodberry an Out-of-Combat Mass Regeneration: 2.8.8
~SUBTLED_SPELL_TWEAKS/SUBTLED_SPELL_TWEAKS.TP2~ #0 #1212 // Tweak Slow Poison: 2.8.8
~SUBTLED_SPELL_TWEAKS/SUBTLED_SPELL_TWEAKS.TP2~ #0 #1323 // Improve Casting Time of Exaltation and Spiritual Clarity: 2.8.8
~SUBTLED_SPELL_TWEAKS/SUBTLED_SPELL_TWEAKS.TP2~ #0 #1404 // Change Neutralize Poison into 'Remove Afflictions': 2.8.8
~SUBTLED_SPELL_TWEAKS/SUBTLED_SPELL_TWEAKS.TP2~ #0 #1505 // Make True Seeing Party-Wide: 2.8.8
~SUBTLED_SPELL_TWEAKS/SUBTLED_SPELL_TWEAKS.TP2~ #0 #1603 // Set Blade Barrier to be Breachable: 2.8.8
~SUBTLED_SPELL_TWEAKS/SUBTLED_SPELL_TWEAKS.TP2~ #0 #1609 // Make False Dawn Bypass Magic Resistance: 2.8.8
~SUBTLED_SPELL_TWEAKS/SUBTLED_SPELL_TWEAKS.TP2~ #0 #1611 // Make Wondrous Recall Restore all 1st- and 2nd-level Spells: 2.8.8
~SUBTLED_SPELL_TWEAKS/SUBTLED_SPELL_TWEAKS.TP2~ #0 #1613 // Make Physical Mirror Block 1 Attack Per Three Seconds: 2.8.8
~SUBTLED_SPELL_TWEAKS/SUBTLED_SPELL_TWEAKS.TP2~ #0 #1614 // Make Sol's Searing Orb Easier to Throw: 2.8.8
~SUBTLED_SPELL_TWEAKS/SUBTLED_SPELL_TWEAKS.TP2~ #0 #1707 // Make Sunray Bypass Magic Resistance: 2.8.8
~SUBTLED_SPELL_TWEAKS/SUBTLED_SPELL_TWEAKS.TP2~ #0 #1710 // Add Slow Effect to Holy Word: 2.8.8
~SUBTLED_SPELL_TWEAKS/SUBTLED_SPELL_TWEAKS.TP2~ #0 #2105 // Add 1-Round Blindness Effect to Color Spray: 2.8.8
~SUBTLED_SPELL_TWEAKS/SUBTLED_SPELL_TWEAKS.TP2~ #0 #2108 // Change Protection from Petrification into 'Mirrored Eyes': 2.8.8
~SUBTLED_SPELL_TWEAKS/SUBTLED_SPELL_TWEAKS.TP2~ #0 #2116 // Allow Targets of Sleep to Wake on Hit: 2.8.8
~SUBTLED_SPELL_TWEAKS/SUBTLED_SPELL_TWEAKS.TP2~ #0 #2151 // Change SR Expeditious Retreat into Chameleon: 2.8.8
~SUBTLED_SPELL_TWEAKS/SUBTLED_SPELL_TWEAKS.TP2~ #0 #2201 // Add Missile Avoidance to Blur: 2.8.8
~SUBTLED_SPELL_TWEAKS/SUBTLED_SPELL_TWEAKS.TP2~ #0 #2209 // Make Luck Affect Whole Party: 2.8.8
~SUBTLED_SPELL_TWEAKS/SUBTLED_SPELL_TWEAKS.TP2~ #0 #2212 // Move Mirror Image to 3rd Level: 2.8.8
~SUBTLED_SPELL_TWEAKS/SUBTLED_SPELL_TWEAKS.TP2~ #0 #2213 // Add Lingering Effects to SR's Stinking Cloud: 2.8.8
~SUBTLED_SPELL_TWEAKS/SUBTLED_SPELL_TWEAKS.TP2~ #0 #2217 // Change Agannazar's Scorcher to Melf's Fiery Missiles: 2.8.8
~SUBTLED_SPELL_TWEAKS/SUBTLED_SPELL_TWEAKS.TP2~ #0 #2224 // Improve Glitterdust: 2.8.8
~SUBTLED_SPELL_TWEAKS/SUBTLED_SPELL_TWEAKS.TP2~ #0 #2251 // Add Deafening Effect On Hit to Decastave: 2.8.8
~SUBTLED_SPELL_TWEAKS/SUBTLED_SPELL_TWEAKS.TP2~ #0 #2324 // Make Hold Undead and Control Undead Bypass MR: 2.8.8
~SUBTLED_SPELL_TWEAKS/SUBTLED_SPELL_TWEAKS.TP2~ #0 #2352 // Increase Range of Icelance: 2.8.8
~SUBTLED_SPELL_TWEAKS/SUBTLED_SPELL_TWEAKS.TP2~ #0 #2413 // Allow Target of Otiluke's Sphere to Use Inventory Screen: 2.8.8
~SUBTLED_SPELL_TWEAKS/SUBTLED_SPELL_TWEAKS.TP2~ #0 #2418 // Set Fire Shield and Acid Sheath Spells to be Breachable: 2.8.8
~SUBTLED_SPELL_TWEAKS/SUBTLED_SPELL_TWEAKS.TP2~ #0 #2508 // Improve Function of SR's Waves of Fatigue: 2.8.8
~SUBTLED_SPELL_TWEAKS/SUBTLED_SPELL_TWEAKS.TP2~ #0 #2514 // Give Lower Resistance an Area of Effect: 2.8.8
~SUBTLED_SPELL_TWEAKS/SUBTLED_SPELL_TWEAKS.TP2~ #0 #2518 // Change Damage Type and School of Phantom Blade: 2.8.8
~SUBTLED_SPELL_TWEAKS/SUBTLED_SPELL_TWEAKS.TP2~ #0 #2708 // Change Mantle into 'Iron Skin': 2.8.8
~SUBTLED_SPELL_TWEAKS/SUBTLED_SPELL_TWEAKS.TP2~ #0 #2711 // Adjust the Effects of Chaos: 2.8.8
~SUBTLED_SPELL_TWEAKS/SUBTLED_SPELL_TWEAKS.TP2~ #0 #2714 // Change the Effects of Prismatic Spray: 2.8.8
~SUBTLED_SPELL_TWEAKS/SUBTLED_SPELL_TWEAKS.TP2~ #0 #2808 // Set Moment of Prescience to Not Breachable: 2.8.8
~SUBTLED_SPELL_TWEAKS/SUBTLED_SPELL_TWEAKS.TP2~ #0 #2811 // Move Symbol: Fear to 7th Level: 2.8.8
~SUBTLED_SPELL_TWEAKS/SUBTLED_SPELL_TWEAKS.TP2~ #0 #2916 // Move Shapechange to 8th Level: 2.8.8
~SUBTLED_SPELL_TWEAKS/SUBTLED_SPELL_TWEAKS.TP2~ #0 #2915 // Move Black Blade of Disaster to 8th level: 2.8.8
~STRATAGEMS/SETUP-STRATAGEMS.TP2~ #0 #2000 // Install all spell tweaks (if you don't select this, you will be given a chance to choose by category): 35.21
~STRATAGEMS/SETUP-STRATAGEMS.TP2~ #0 #2500 // Add 9 new arcane spells: 35.21
~STRATAGEMS/SETUP-STRATAGEMS.TP2~ #0 #2510 // Add 6 new divine spells (some borrowed from Divine Remix): 35.21
~SONG_AND_SILENCE/SETUP-SONG_AND_SILENCE.TP2~ #0 #0 // Changes to trueclass bards and thieves, and unmodded game kits (required for other components): v18
~SONG_AND_SILENCE/SETUP-SONG_AND_SILENCE.TP2~ #0 #1 // Add new bardic store and thief items: v18
~SONG_AND_SILENCE/SETUP-SONG_AND_SILENCE.TP2~ #0 #2 // Install Acrobat bard kit: v18
~SONG_AND_SILENCE/SETUP-SONG_AND_SILENCE.TP2~ #0 #4 // Install Dirgesinger bard kit: v18
~SONG_AND_SILENCE/SETUP-SONG_AND_SILENCE.TP2~ #0 #6 // Install Adventurer thief kit: v18
~SONG_AND_SILENCE/SETUP-SONG_AND_SILENCE.TP2~ #0 #7 // Install Burglar thief kit: v18
~SONG_AND_SILENCE/SETUP-SONG_AND_SILENCE.TP2~ #0 #9 // Install Sharpshooter thief kit: v18
~SWORD_AND_FIST/SETUP-SWORD_AND_FIST.TP2~ #0 #30 // Install Hexblade fighter kit: v9
~SWORD_AND_FIST/SETUP-SWORD_AND_FIST.TP2~ #0 #31 // Install Duelist fighter kit: v9
~SWORD_AND_FIST/SETUP-SWORD_AND_FIST.TP2~ #0 #32 // Install Fist of Order fighter kit: v9
~SWORD_AND_FIST/SETUP-SWORD_AND_FIST.TP2~ #0 #34 // Install Duskblade fighter kit (by ronin69hof, ronin69hof@gmail.com: v9
~BARDICWONDERS/BARDICWONDERS.TP2~ #0 #11 // Bardic Wonders: Items
~BARDICWONDERS/BARDICWONDERS.TP2~ #0 #7 // Bardic Wonders: Troubadour Kit
~CDTWEAKS/SETUP-CDTWEAKS.TP2~ #0 #2250 // Un-Nerfed Sorcerer Spell Progression Table: v16
~CDTWEAKS/SETUP-CDTWEAKS.TP2~ #0 #2260 // Alter Mage Spell Progression Table -> Un-nerfed table [Blucher]: v16
~CDTWEAKS/SETUP-CDTWEAKS.TP2~ #0 #2270 // Alter Bard Spell Progression Table -> Un-nerfed table [Blucher]: v16
~CDTWEAKS/SETUP-CDTWEAKS.TP2~ #0 #2280 // Alter Cleric Spell Progression Table -> Un-nerfed table [Blucher]: v16
~CDTWEAKS/SETUP-CDTWEAKS.TP2~ #0 #2293 // Alter Druid Spell and Level Progression Tables -> Use cleric level progression changes with un-nerfed druid spell table [Blucher]: v16
~CDTWEAKS/SETUP-CDTWEAKS.TP2~ #0 #2581 // Alter Wisdom-Based Divine Bonus Spell Table -> Use BG/BG2/IWD Table: v16
~CDTWEAKS/SETUP-CDTWEAKS.TP2~ #0 #2360 // Remove Racial Restrictions for Single-Classes: v16
~CDTWEAKS/SETUP-CDTWEAKS.TP2~ #0 #2380 // Remove Racial Restrictions for Kits: v16
~CDTWEAKS/SETUP-CDTWEAKS.TP2~ #0 #2371 // Alter Dual-Class Restrictions -> Allow non-humans to dual-class: v16
~CDTWEAKS/SETUP-CDTWEAKS.TP2~ #0 #2357 // Alter Multi-Class Restrictions -> Install options one and two (everyone can multi-class anything): v16
~CDTWEAKS/SETUP-CDTWEAKS.TP2~ #0 #2550 // Alter Gnome Mage Kit/Multi-Class Options -> Keep gnome illusionist multi-class, enable all kits for single-class: v16
~CDTWEAKS/SETUP-CDTWEAKS.TP2~ #0 #2390 // Alter Paladin Spell Progression Table -> Paladins Use Icewind Dale-Heart of Winter Spell Tables [grogerson]: v16
~CDTWEAKS/SETUP-CDTWEAKS.TP2~ #0 #2400 // Alter Ranger Spell Progression Table -> Rangers Use Icewind Dale-Heart of Winter Spell Tables [grogerson]: v16
~CDTWEAKS/SETUP-CDTWEAKS.TP2~ #0 #2420 // Loosen Equipment Restrictions for Cleric Multi- and Dual-Classes: v16
~CDTWEAKS/SETUP-CDTWEAKS.TP2~ #0 #2430 // Change Equipment Restrictions for Druid Multi- and Dual-Classes -> Loosen equipment restrictions for druid multi- and dual-classes: v16
~CDTWEAKS/SETUP-CDTWEAKS.TP2~ #0 #1160 // Multiple Strongholds [Sabre, Baldurdash, Weimer] -> No restrictions: v16
~CDTWEAKS/SETUP-CDTWEAKS.TP2~ #0 #2140 // Expanded Dual-Class Options: v16
~C0WARLOCK/C0WARLOCK.TP2~ #0 #0 // Warlock Kit: 2.5
~TOMEANDBLOOD/TOMEANDBLOOD.TP2~ #0 #20 // Revised Dragon Disciples: 1.0.1
~TOMEANDBLOOD/TOMEANDBLOOD.TP2~ #0 #25 // Sorcerer: Magus: 1.0.1
~TOMEANDBLOOD/TOMEANDBLOOD.TP2~ #0 #31 // Sorcerer: Favored Soul: 1.0.1
~TOMEANDBLOOD/TOMEANDBLOOD.TP2~ #0 #33 // Sorcerer: Sylvan Disciple: 1.0.1
~TOMEANDBLOOD/TOMEANDBLOOD.TP2~ #0 #35 // Sorcerer: Revenant Disciple: 1.0.1
~TOMEANDBLOOD/TOMEANDBLOOD.TP2~ #0 #40 // Revised Specialists: 1.0.1
~TOMEANDBLOOD/TOMEANDBLOOD.TP2~ #0 #51 // Revised Metamagic -> Innate metamagic, learned automatically by everyone: 1.0.1
~TOMEANDBLOOD/TOMEANDBLOOD.TP2~ #0 #66 // Innate Find Familiar: 1.0.1
~TOMEANDBLOOD/TOMEANDBLOOD.TP2~ #0 #80 // Multiclass Sorcerers: 1.0.1
~TOMEANDBLOOD/TOMEANDBLOOD.TP2~ #0 #92 // Make +Spell Slot Items work with MultiSorcerers/Arcanists -> Bonuses for both memorization and casting slots: 1.0.1
~A7-GOLEMCONSTRUCTION/A7-GOLEMCONSTRUCTION.TP2~ #0 #0 // Golem Construction Ability for Spellcasters: 6.4
~A7-GOLEMCONSTRUCTION/A7-GOLEMCONSTRUCTION.TP2~ #0 #10 // Replace original Golem Manual: 6.4
~A7-GOLEMCONSTRUCTION/A7-GOLEMCONSTRUCTION.TP2~ #0 #20 // Golems for enemy spellcasters: 6.4
~A7-GOLEMCONSTRUCTION/A7-GOLEMCONSTRUCTION.TP2~ #0 #25 // Greater variety of enemy golem types: 6.4
~A7-GOLEMCONSTRUCTION/A7-GOLEMCONSTRUCTION.TP2~ #0 #30 // Fighter Stronghold golems may continue to serve you: 6.4
~A7-GOLEMCONSTRUCTION/A7-GOLEMCONSTRUCTION.TP2~ #0 #35 // Make golems vulnerable to specific spell effects: 6.4
~A7-GOLEMCONSTRUCTION/A7-GOLEMCONSTRUCTION.TP2~ #0 #40 // Reduce weapon immunities and resistances for constructed golems: 6.4
~A7-GOLEMCONSTRUCTION/A7-GOLEMCONSTRUCTION.TP2~ #0 #45 // Identify all mod items: 6.4
~A7-GOLEMCONSTRUCTION/A7-GOLEMCONSTRUCTION.TP2~ #0 #50 // Add "Teleport" ability to golems: 6.4
~IHATEUNDEAD/IHATEUNDEAD.TP2~ #0 #1 // Holy Redeemer (Cleric Kit): 3.8.3
~IHATEUNDEAD/IHATEUNDEAD.TP2~ #0 #3 // Undead Hunter Revision (Paladin Kit): 3.8.3
~IHATEUNDEAD/IHATEUNDEAD.TP2~ #0 #4 // Death Tricker (Thief Kit): 3.8.3
~IHATEUNDEAD/IHATEUNDEAD.TP2~ #0 #7 // Circle Enforcer (Druid Kit): 3.8.3
~IHATEUNDEAD/IHATEUNDEAD.TP2~ #0 #10 // Dreadful Witch (Shaman Kit): 3.8.3
~IHATEUNDEAD/IHATEUNDEAD.TP2~ #0 #11 // Imprisoned Soul (Sorcerer Kit): 3.8.3
~A7#IMPROVEDARCHER/A7#IMPROVEDARCHER.TP2~ #0 #0 // Improved Archer Kit: v4.4
~A7#IMPROVEDARCHER/A7#IMPROVEDARCHER.TP2~ #0 #10 // Add fighter kit: Marksman: v4.4
~A7#IMPROVEDARCHER/A7#IMPROVEDARCHER.TP2~ #0 #20 // Add paladin kit: Bow Knight: v4.4
~A7#IMPROVEDARCHER/A7#IMPROVEDARCHER.TP2~ #0 #100 // Add +4 arrows, bolts and powerful bows to the game: v4.4
~ARTISANSKITPACK/ARTISANSKITPACK.TP2~ #0 #8001 // Artisan's Kitpack: Pale Master Sorcerer Kit: 4.8
~ARTISANSKITPACK/ARTISANSKITPACK.TP2~ #0 #8102 // Artisan's Kitpack: Pale Master Spells -> All Necromancy Divine Spells (including Cure Wounds, Neutralize Poison, etc.): 4.8
~ARTISANSKITPACK/ARTISANSKITPACK.TP2~ #0 #1003 // Artisan's Kitpack: Berserker Overhaul: 4.8
~ARTISANSKITPACK/ARTISANSKITPACK.TP2~ #0 #1006 // Artisan's Kitpack: Wizard Slayer Overhaul: 4.8
~ARTISANSKITPACK/ARTISANSKITPACK.TP2~ #0 #1004 // Artisan's Kitpack: Kensai Overhaul: 4.8
~ARTISANSKITPACK/ARTISANSKITPACK.TP2~ #0 #1005 // Artisan's Kitpack: Barbarian Overhaul: 4.8
~ARTISANSKITPACK/ARTISANSKITPACK.TP2~ #0 #1007 // Artisan's Kitpack: Dwarven Defender Overhaul + Vanguard Fighter Kit: 4.8
~ARTISANSKITPACK/ARTISANSKITPACK.TP2~ #0 #1000 // Artisan's Kitpack: Arcane Archer Fighter Kit: 4.8
~ARTISANSKITPACK/ARTISANSKITPACK.TP2~ #0 #1001 // Artisan's Kitpack: Arcane Archer (Fighter/Mage): 4.8
~ARTISANSKITPACK/ARTISANSKITPACK.TP2~ #0 #1009 // Artisan's Kitpack: Dreadnought Fighter Kit: 4.8
~ARTISANSKITPACK/ARTISANSKITPACK.TP2~ #0 #3005 // Artisan's Kitpack: Martyr Paladin Kit: 4.8
~ARTISANSKITPACK/ARTISANSKITPACK.TP2~ #0 #7001 // Artisan's Kitpack: Rogue Archer Thief Kit: 4.8
~ARTISANSKITPACK/ARTISANSKITPACK.TP2~ #0 #7002 // Artisan's Kitpack: Magekiller Thief Kit: 4.8
~ARTISANSKITPACK/ARTISANSKITPACK.TP2~ #0 #7003 // Artisan's Kitpack: Trickster Thief Kit: 4.8
~ARTISANSKITPACK/ARTISANSKITPACK.TP2~ #0 #7005 // Artisan's Kitpack: Invisible Blade Thief Kit: 4.8
~ARTISANSKITPACK/ARTISANSKITPACK.TP2~ #0 #9001 // Artisan's Kitpack: Warhorn Shaman Kit: 4.8
~ARTISANSKITPACK/ARTISANSKITPACK.TP2~ #0 #20000 // Artisan's Kitpack: Eldritch Knight (Fighter / Mage Kit): 4.8
~ARTISANSKITPACK/ARTISANSKITPACK.TP2~ #0 #20001 // Artisan's Kitpack: Arcane Trickster (Mage / Thief Kit): 4.8
~MIGHT_AND_GUILE/MIGHT_AND_GUILE.TP2~ #0 #50 // Move the Cavalier to the Fighter Class: 5.8.8
~MIGHT_AND_GUILE/MIGHT_AND_GUILE.TP2~ #0 #60 // Add the Sohei Warrior (fighter kit): 5.8.8
~MIGHT_AND_GUILE/MIGHT_AND_GUILE.TP2~ #0 #65 // Add the Ironsmith (fighter kit): 5.8.8
~MIGHT_AND_GUILE/MIGHT_AND_GUILE.TP2~ #0 #66 // Give Breagar the Ironsmith kit: 5.8.8
~MIGHT_AND_GUILE/MIGHT_AND_GUILE.TP2~ #0 #75 // Add the Barbarian/Thief (fighter/thief kit): 5.8.8
~MIGHT_AND_GUILE/MIGHT_AND_GUILE.TP2~ #0 #80 // Add the Tomb Runner (fighter/thief kit): 5.8.8
~MIGHT_AND_GUILE/MIGHT_AND_GUILE.TP2~ #0 #85 // Add the Thug (fighter/thief kit): 5.8.8
~MIGHT_AND_GUILE/MIGHT_AND_GUILE.TP2~ #0 #90 // Add the Rake (thief kit) and revise the Swashbuckler: 5.8.8
~MIGHT_AND_GUILE/MIGHT_AND_GUILE.TP2~ #0 #96 // Add the Ninja (thief kit): 5.8.8
~MIGHT_AND_GUILE/MIGHT_AND_GUILE.TP2~ #0 #97 // Add the Ninja (fighter/thief kit): 5.8.8
~MIGHT_AND_GUILE/MIGHT_AND_GUILE.TP2~ #0 #105 // Add the Spellfilcher (mage/thief kit): 5.8.8
~MIGHT_AND_GUILE/MIGHT_AND_GUILE.TP2~ #0 #110 // Add the Loremaster (mage/thief kit): 5.8.8
~MIGHT_AND_GUILE/MIGHT_AND_GUILE.TP2~ #0 #125 // Add the Mage Hunter (ranger kit): 5.8.8
~MIGHT_AND_GUILE/MIGHT_AND_GUILE.TP2~ #0 #130 // Add the Barbarian Ranger (ranger kit): 5.8.8
~MIGHT_AND_GUILE/MIGHT_AND_GUILE.TP2~ #0 #151 // Move the Archer to the Fighter Class: 5.8.8
~MIGHT_AND_GUILE/MIGHT_AND_GUILE.TP2~ #0 #155 // Add the Elven Archer (ranger kit): 5.8.8
~MIGHT_AND_GUILE/MIGHT_AND_GUILE.TP2~ #0 #160 // Add the Halfling Slinger (fighter/thief kit): 5.8.8
~MIGHT_AND_GUILE/MIGHT_AND_GUILE.TP2~ #0 #201 // Improved Rangers: 5.8.8
~MIGHT_AND_GUILE/MIGHT_AND_GUILE.TP2~ #0 #210 // Revised Movement Bonuses (Quickstride): 5.8.8
~MIGHT_AND_GUILE/MIGHT_AND_GUILE.TP2~ #0 #220 // Revised Ranger Spell Table: 5.8.8
~MIGHT_AND_GUILE/MIGHT_AND_GUILE.TP2~ #0 #230 // Revised Stalker: 5.8.8
~MIGHT_AND_GUILE/MIGHT_AND_GUILE.TP2~ #0 #235 // Revised Beastmaster: 5.8.8
~MIGHT_AND_GUILE/MIGHT_AND_GUILE.TP2~ #0 #265 // Revised Monk Fists: 5.8.8
~MIGHT_AND_GUILE/MIGHT_AND_GUILE.TP2~ #0 #280 // Revised Backstabbing: 5.8.8
~MIGHT_AND_GUILE/MIGHT_AND_GUILE.TP2~ #0 #290 // Revised THAC0 Progression: 5.8.8
~MIGHT_AND_GUILE/MIGHT_AND_GUILE.TP2~ #0 #450 // Add the Jongleur (bard kit): 5.8.8
~MIGHT_AND_GUILE/MIGHT_AND_GUILE.TP2~ #0 #460 // Add the Loremaster (bard kit): 5.8.8
~MIGHT_AND_GUILE/MIGHT_AND_GUILE.TP2~ #0 #470 // Add the Gallant (bard kit): 5.8.8
~MIGHT_AND_GUILE/MIGHT_AND_GUILE.TP2~ #0 #490 // Add the Loresinger (bard kit): 5.8.8
~ITEM_REV/ITEM_REV.TP2~ #0 #17 // Weapon Changes: v4beta10sd19
~ITEM_REV/ITEM_REV.TP2~ #0 #1080 // Enchantment Doesn't Affect Speed Factor of Weapons: v4beta10sd19
~ITEM_REV/ITEM_REV.TP2~ #0 #1200 // Revised Critical Hit Aversion: v4beta10sd19
~ITEM_REV/ITEM_REV.TP2~ #0 #15 // PnP Equipment for Druids -> Druids Only: v4beta10sd19
~ITEM_REV/ITEM_REV.TP2~ #0 #1060 // Kensai Can Wear Bracers: v4beta10sd19
~ITEM_REV/ITEM_REV.TP2~ #0 #1070 // Thieves Can Use Wands: v4beta10sd19
~FAITHS_AND_POWERS/FAITHS_AND_POWERS.TP2~ #0 #12 // Revised Cleric Spell Table -> Faiths & Powers Table: 0.91.3
~FAITHS_AND_POWERS/FAITHS_AND_POWERS.TP2~ #0 #15 // Druids Use Cleric Spell Table and XP Table: 0.91.3
~FAITHS_AND_POWERS/FAITHS_AND_POWERS.TP2~ #0 #25 // Choose a Sphere System -> nuFnP: a new sphere system (fewer spheres, more balanced, closer to PnP): 0.91.3
~FAITHS_AND_POWERS/FAITHS_AND_POWERS.TP2~ #0 #31 // Install Cleric kits: 0.91.3
~FAITHS_AND_POWERS/FAITHS_AND_POWERS.TP2~ #0 #33 // Install Druid kits: 0.91.3
~FAITHS_AND_POWERS/FAITHS_AND_POWERS.TP2~ #0 #36 // Install Paladin kits -> ...for all those, PLUS Neutral/Evil/demihuman deities: 0.91.3
~FAITHS_AND_POWERS/FAITHS_AND_POWERS.TP2~ #0 #45 // Revised Paladin Spell Table: 0.91.3
~FAITHS_AND_POWERS/FAITHS_AND_POWERS.TP2~ #0 #75 // Alter Priests' Weapon/Armor Usability: 0.91.3
~FAITHS_AND_POWERS/FAITHS_AND_POWERS.TP2~ #0 #80 // Apply Sphere System (REQUIRED for the sphere system to work): 0.91.3
~FAITHS_AND_POWERS/FAITHS_AND_POWERS.TP2~ #0 #91 // Multiclass Druids: 0.91.3
~FAITHS_AND_POWERS/FAITHS_AND_POWERS.TP2~ #0 #92 // Multiclass Shamans: 0.91.3
~FAITHS_AND_POWERS/FAITHS_AND_POWERS.TP2~ #0 #95 // Multiclass Cleric kits (install AFTER all other kit mods!!): 0.91.3
~FAITHS_AND_POWERS/FAITHS_AND_POWERS.TP2~ #0 #99 // Apply FnP Multiclass Kits to NPCs: 0.91.3
~VICONIAREVAMPED/SETUP-VICONIAREVAMPED.TP2~ #0 #60 // Add special ability: Embrace of Shar: v7.2
~VICONIAREVAMPED/SETUP-VICONIAREVAMPED.TP2~ #0 #70 // Apply drow penalty: Day Blindness: v7.2
~TNT/TNT.TP2~ #0 #0 // Smarter familiars: v8.35
~TNT/TNT.TP2~ #0 #1 // More resilient familiars: v8.35
~TNT/TNT.TP2~ #0 #2 // Improved trap detection: instant detection: v8.35
~TNT/TNT.TP2~ #0 #3 // Improved trap detection: increase trap sense range: v8.35
~TNT/TNT.TP2~ #0 #4 // Trap reminders -> disclose trap type: v8.35
~TNT/TNT.TP2~ #0 #7 // Trap intuition -> works in combat: v8.35
~TNT/TNT.TP2~ #0 #8 // Trap intuition: pause game -> ground traps only: v8.35
~TNT/TNT.TP2~ #0 #10 // Trap intuition: toggle Find Traps automatically: v8.35
~TNT/TNT.TP2~ #0 #12 // Trap intuition: center screen -> on the supposed trap: v8.35
~TNT/TNT.TP2~ #0 #14 // Improved trap detection: core (REQUIRED for any of previous traps components to work): v8.35
~TNT/TNT.TP2~ #0 #16 // Extended soundsets for joinable NPCs -> Additions only: v8.35
~TNT/TNT.TP2~ #0 #19 // Compliments and insults -> Reintroduce and adjust to framerate: v8.35
~TNT/TNT.TP2~ #0 #22 // No talking when hiding in shadows: v8.35
~TNT/TNT.TP2~ #0 #24 // Hassle-free ammo: v8.35
~TNT/TNT.TP2~ #0 #26 // Throwing weapons damage type -> Make axes slashing and hammers blunt: v8.35
~TNT/TNT.TP2~ #0 #30 // Effects of scrolls and potions do not stack with themselves: v8.35
~TNT/TNT.TP2~ #0 #32 // Sensible wand of frost -> AoE: v8.35
~TNT/TNT.TP2~ #0 #33 // Potion of Really Mirrored Eyes: v8.35
~TNT/TNT.TP2~ #0 #37 // Improved Equalizer: v8.35
~TNT/TNT.TP2~ #0 #38 // Distinct quest items: v8.35
~TNT/TNT.TP2~ #0 #42 // Spider form ignores web: v8.35
~TNT/TNT.TP2~ #0 #43 // Cheesy Slayer: full heal on change: v8.35
~TNT/TNT.TP2~ #0 #45 // Cheesy Slayer: reputation -> reduced loss: v8.35
~TNT/TNT.TP2~ #0 #46 // True True Sight: v8.35
~TNT/TNT.TP2~ #0 #48 // Greater Command AoE: v8.35
~TNT/TNT.TP2~ #0 #49 // Working Non-Detection: v8.35
~TNT/TNT.TP2~ #0 #50 // Unstack Chaos Shield: v8.35
~TNT/TNT.TP2~ #0 #53 // Sensible Blade spins: v8.35
~TNT/TNT.TP2~ #0 #54 // PnP Protection from Evil: v8.35
~TNT/TNT.TP2~ #0 #55 // Non-hostile Grease: v8.35
~TNT/TNT.TP2~ #0 #56 // Tracking!: v8.35
~TNT/TNT.TP2~ #0 #61 // Cleanup stores: v8.35
~TNT/TNT.TP2~ #0 #66 // Can't steal Carsomyr: v8.35
~TNT/TNT.TP2~ #0 #70 // Improved strongholds: v8.35
~TNT/TNT.TP2~ #0 #71 // Save Melicamp: v8.35
~TNT/TNT.TP2~ #0 #75 // Mod romance cheats | POWER USER component, consult readme: v8.35
~TNT/TNT.TP2~ #0 #83 // More mage fencing scrolls in BG1: v8.35
~JTWEAKS/SETUP-JTWEAKS.TP2~ #0 #10 // Wilson's strength doesn't stack indefinitely: 3.1
~JTWEAKS/SETUP-JTWEAKS.TP2~ #0 #20 // Vernus can be raised: 3.1
~JTWEAKS/SETUP-JTWEAKS.TP2~ #0 #30 // Fix Black Pits oversights: 3.1
~JTWEAKS/SETUP-JTWEAKS.TP2~ #0 #40 // Enchant Weapon works in contingencies: 3.1
~JTWEAKS/SETUP-JTWEAKS.TP2~ #0 #60 // NPCs don't go in inaccessible locations: 3.1
~JTWEAKS/SETUP-JTWEAKS.TP2~ #0 #70 // Close polymorph immunity loopholes: 3.1
~JTWEAKS/SETUP-JTWEAKS.TP2~ #0 #90 // Wish Hardiness doesn't stack with itself: 3.1
~JTWEAKS/SETUP-JTWEAKS.TP2~ #0 #100 // Hold Person doesn't display multiple strings: 3.1
~JTWEAKS/SETUP-JTWEAKS.TP2~ #0 #120 // Dueling fireshields don't go infinite: 3.1
~JTWEAKS/SETUP-JTWEAKS.TP2~ #0 #130 // Standardize Wand of Missiles: 3.1
~JTWEAKS/SETUP-JTWEAKS.TP2~ #0 #140 // Inquisitor True Sight is consistent with other versions of the spell: 3.1
~JTWEAKS/SETUP-JTWEAKS.TP2~ #0 #150 // Temple cures work better: 3.1
~JTWEAKS/SETUP-JTWEAKS.TP2~ #0 #160 // Bala's Axe dispels reasonably well: 3.1
~JTWEAKS/SETUP-JTWEAKS.TP2~ #0 #190 // Death Ward protects against Aec'Letec's Death Gaze: 3.1
~JTWEAKS/SETUP-JTWEAKS.TP2~ #0 #210 // Vorpal weapons don't chunk: 3.1
~JTWEAKS/SETUP-JTWEAKS.TP2~ #0 #220 // Resurrection can heal the living: 3.1
~JTWEAKS/SETUP-JTWEAKS.TP2~ #0 #240 // Undead Hunters are better at Turn Undead: 3.1
~JTWEAKS/SETUP-JTWEAKS.TP2~ #0 #260 // Green Slime poison can be cured: 3.1
~JTWEAKS/SETUP-JTWEAKS.TP2~ #0 #280 // Allies against Bodhi are better prepared for vampires: 3.1
~JTWEAKS/SETUP-JTWEAKS.TP2~ #0 #320 // Standardize inn and tavern music: 3.1
~JTWEAKS/SETUP-JTWEAKS.TP2~ #0 #330 // Randomize battle music: 3.1
~JTWEAKS/SETUP-JTWEAKS.TP2~ #0 #340 // Potion effects don't stack with themselves: 3.1
~JTWEAKS/SETUP-JTWEAKS.TP2~ #0 #360 // Nature's Beauty blindness can be cured: 3.1
~JTWEAKS/SETUP-JTWEAKS.TP2~ #0 #380 // Prevent characters from acting uncontrollably when under Project Image: 3.1
~JTWEAKS/SETUP-JTWEAKS.TP2~ #0 #422 // Less reputation loss for killing Phandalyn -> Lose 3 rep or innocent penalty, whichever is less: 3.1
~JTWEAKS/SETUP-JTWEAKS.TP2~ #0 #430 // Kondar works against more kinds of shapeshifters: 3.1
~JTWEAKS/SETUP-JTWEAKS.TP2~ #0 #463 // Variable drow MR (core component): 3.1
~JTWEAKS/SETUP-JTWEAKS.TP2~ #0 #467 // Choose base drow MR (required) -> Medium (50): 3.1
~JTWEAKS/SETUP-JTWEAKS.TP2~ #0 #471 // Choose MR progression rate (required) -> No level-based change: 3.1
~JTWEAKS/SETUP-JTWEAKS.TP2~ #0 #475 // Choose sunlight penalties (required) -> Dazzled (-2 to hit, -2 AC versus missiles): 3.1
~JTWEAKS/SETUP-JTWEAKS.TP2~ #0 #480 // Alternate Adoy's Belt: 3.1
~JTWEAKS/SETUP-JTWEAKS.TP2~ #0 #490 // Liia knows how to cast her spells: 3.1
~JTWEAKS/SETUP-JTWEAKS.TP2~ #0 #520 // Warrior and rogue HLAs can't be removed by spell-breakers: 3.1
~JTWEAKS/SETUP-JTWEAKS.TP2~ #0 #530 // Deactivate Spellhold picture monsters until their doors are opened: 3.1
~SUBTLED_ITEM_TWEAKS/SUBTLED_ITEM_TWEAKS.TP2~ #0 #100 // YARAS Yet Another Revised Armor System: v1.3.4
~SUBTLED_ITEM_TWEAKS/SUBTLED_ITEM_TWEAKS.TP2~ #0 #160 // All Potions Usable by Any Class: v1.3.4
~SUBTLED_ITEM_TWEAKS/SUBTLED_ITEM_TWEAKS.TP2~ #0 #1000 // Set Spell Weapon APR to 2: v1.3.4
~SUBTLED_ITEM_TWEAKS/SUBTLED_ITEM_TWEAKS.TP2~ #0 #1010 // Add Backstab Immunity to the Ring of Danger Sense: v1.3.4
~SUBTLED_ITEM_TWEAKS/SUBTLED_ITEM_TWEAKS.TP2~ #0 #1020 // Proper Missile Deflection for the Gloves of Missile Snaring: v1.3.4
~SUBTLED_ITEM_TWEAKS/SUBTLED_ITEM_TWEAKS.TP2~ #0 #1030 // Improve Detonating Weapons: v1.3.4
~SUBTLED_ITEM_TWEAKS/SUBTLED_ITEM_TWEAKS.TP2~ #0 #1040 // Add Revised Barkskin to 'Skin of the Forest' Armor: v1.3.4
~SUBTLED_ITEM_TWEAKS/SUBTLED_ITEM_TWEAKS.TP2~ #0 #1052 // Change IR's Rod of Absorption -> ...Longer Protection: v1.3.4
~SUBTLED_ITEM_TWEAKS/SUBTLED_ITEM_TWEAKS.TP2~ #0 #1060 // Make the Gargoyle Cloak Apply Stoneskin Instead of an AC Bonus: v1.3.4
~SUBTLED_ITEM_TWEAKS/SUBTLED_ITEM_TWEAKS.TP2~ #0 #1080 // Improve Azlaer's Harp and Methild's Harp: v1.3.4
~SUBTLED_ITEM_TWEAKS/SUBTLED_ITEM_TWEAKS.TP2~ #0 #1100 // Metamagic Instead of MR for Cloak of the Weave: v1.3.4
~STRATAGEMS/SETUP-STRATAGEMS.TP2~ #0 #3010 // Replace +1 arrows and other projectiles with nonmagical "fine" ones: 35.21
~STRATAGEMS/SETUP-STRATAGEMS.TP2~ #0 #3015 // Re-introduce potions of extra-healing: 35.21
~STRATAGEMS/SETUP-STRATAGEMS.TP2~ #0 #3505 // Wider selection of random scrolls: 35.21
~STRATAGEMS/SETUP-STRATAGEMS.TP2~ #0 #3540 // Reduce the power of Inquisitors' Dispel Magic -> Inquisitors dispel at 1.5 x their level (not twice their level): 35.21
~STRATAGEMS/SETUP-STRATAGEMS.TP2~ #0 #4000 // More Appropriate-Speed Bears: 35.21
~STRATAGEMS/SETUP-STRATAGEMS.TP2~ #0 #4020 // More realistic wolves and wild dogs: 35.21
~STRATAGEMS/SETUP-STRATAGEMS.TP2~ #0 #4030 // Improved shapeshifting: 35.21
~STRATAGEMS/SETUP-STRATAGEMS.TP2~ #0 #4052 // Decrease the rate at which reputation improves -> Reputation increases at about 1/3 the normal rate: 35.21
~STRATAGEMS/SETUP-STRATAGEMS.TP2~ #0 #4115 // Thieves assign skill points in multiples of five: 35.21
~STRATAGEMS/SETUP-STRATAGEMS.TP2~ #0 #4140 // Revised inn rooms: more expensive, more benefits: 35.21
~STRATAGEMS/SETUP-STRATAGEMS.TP2~ #0 #4150 // Allow the Cowled Wizards to detect spellcasting in most indoor, above-ground areas in Athkatla: 35.21
~STRATAGEMS/SETUP-STRATAGEMS.TP2~ #0 #4160 // Increase the price of a license to practise magic in Athkatla -> License costs 10,000 gp: 35.21
~STRATAGEMS/SETUP-STRATAGEMS.TP2~ #0 #4172 // Increase the price asked by Gaelan Bayle -> Gaelan wants 80,000 gold pieces: 35.21
~STRATAGEMS/SETUP-STRATAGEMS.TP2~ #0 #4190 // Make Watchers' Keep accessible between SoA and ToB (warning: this will make it inaccessible until the end of SoA): 35.21
~STRATAGEMS/SETUP-STRATAGEMS.TP2~ #0 #4215 // Remove unrealistically helpful items from certain areas: 35.21
~STRATAGEMS/SETUP-STRATAGEMS.TP2~ #0 #4216 // Remove unrealistically convenient ammunition from the game -> Only remove nonmagical ammo from random containers: 35.21
~STRATAGEMS/SETUP-STRATAGEMS.TP2~ #0 #5000 // Ease-of-use party AI: 35.21
~STRATAGEMS/SETUP-STRATAGEMS.TP2~ #0 #5080 // Improved BG Textscreens: 35.21
~STRATAGEMS/SETUP-STRATAGEMS.TP2~ #0 #5900 // Initialise AI components (required for all tactical and AI components): 35.21
~STRATAGEMS/SETUP-STRATAGEMS.TP2~ #0 #6000 // Smarter general AI: 35.21
~STRATAGEMS/SETUP-STRATAGEMS.TP2~ #0 #6010 // Better calls for help: 35.21
~STRATAGEMS/SETUP-STRATAGEMS.TP2~ #0 #6030 // Smarter Mages: 35.21
~STRATAGEMS/SETUP-STRATAGEMS.TP2~ #0 #6040 // Smarter Priests: 35.21
~STRATAGEMS/SETUP-STRATAGEMS.TP2~ #0 #6100 // Potions for NPCs: 35.21
~STRATAGEMS/SETUP-STRATAGEMS.TP2~ #0 #6200 // Improved Spiders: 35.21
~STRATAGEMS/SETUP-STRATAGEMS.TP2~ #0 #6300 // Smarter sirines and dryads: 35.21
~STRATAGEMS/SETUP-STRATAGEMS.TP2~ #0 #6310 // Slightly smarter carrion crawlers: 35.21
~STRATAGEMS/SETUP-STRATAGEMS.TP2~ #0 #6320 // Smarter basilisks: 35.21
~STRATAGEMS/SETUP-STRATAGEMS.TP2~ #0 #6500 // Improved golems: 35.21
~STRATAGEMS/SETUP-STRATAGEMS.TP2~ #0 #6510 // Improved fiends and celestials: 35.21
~STRATAGEMS/SETUP-STRATAGEMS.TP2~ #0 #6520 // Smarter genies: 35.21
~STRATAGEMS/SETUP-STRATAGEMS.TP2~ #0 #6540 // Smarter dragons: 35.21
~STRATAGEMS/SETUP-STRATAGEMS.TP2~ #0 #6550 // Smarter beholders: 35.21
~STRATAGEMS/SETUP-STRATAGEMS.TP2~ #0 #6560 // Smarter mind flayers: 35.21
~STRATAGEMS/SETUP-STRATAGEMS.TP2~ #0 #6570 // Smarter githyanki: 35.21
~STRATAGEMS/SETUP-STRATAGEMS.TP2~ #0 #6580 // Improved Vampires: 35.21
~STRATAGEMS/SETUP-STRATAGEMS.TP2~ #0 #6590 // Smarter Throne of Bhaal final villain: 35.21
~STRATAGEMS/SETUP-STRATAGEMS.TP2~ #0 #6800 // Smarter Illasera: 35.21
~STRATAGEMS/SETUP-STRATAGEMS.TP2~ #0 #6810 // Smarter Gromnir: 35.21
~STRATAGEMS/SETUP-STRATAGEMS.TP2~ #0 #6820 // Smarter Yaga-Shura: 35.21
~STRATAGEMS/SETUP-STRATAGEMS.TP2~ #0 #6830 // Smarter Abazigal: 35.21
~STRATAGEMS/SETUP-STRATAGEMS.TP2~ #0 #6840 // Ascension versions of Irenicus and Sendai use SCS abilities and AI: 35.21
~STRATAGEMS/SETUP-STRATAGEMS.TP2~ #0 #6850 // Ascension demons use SCS abilities and AI: 35.21
~STRATAGEMS/SETUP-STRATAGEMS.TP2~ #0 #7000 // Improved doppelgangers: 35.21
~STRATAGEMS/SETUP-STRATAGEMS.TP2~ #0 #7010 // Tougher Black Talons and Iron Throne guards: 35.21
~STRATAGEMS/SETUP-STRATAGEMS.TP2~ #0 #7020 // Improved deployment for parties of assassins: 35.21
~STRATAGEMS/SETUP-STRATAGEMS.TP2~ #0 #7030 // Improved kobolds: 35.21
~STRATAGEMS/SETUP-STRATAGEMS.TP2~ #0 #7040 // Relocated bounty hunters: 35.21
~STRATAGEMS/SETUP-STRATAGEMS.TP2~ #0 #7050 // Improved Ulcaster: 35.21
~STRATAGEMS/SETUP-STRATAGEMS.TP2~ #0 #7060 // Improved Balduran's Isle: 35.21
~STRATAGEMS/SETUP-STRATAGEMS.TP2~ #0 #7070 // Improved Durlag's Tower: 35.21
~STRATAGEMS/SETUP-STRATAGEMS.TP2~ #0 #7080 // Improved Demon Cultists: 35.21
~STRATAGEMS/SETUP-STRATAGEMS.TP2~ #0 #7090 // Improved Cloakwood Druids: 35.21
~STRATAGEMS/SETUP-STRATAGEMS.TP2~ #0 #7100 // Improved Bassilus: 35.21
~STRATAGEMS/SETUP-STRATAGEMS.TP2~ #0 #7110 // Improved Drasus party: 35.21
~STRATAGEMS/SETUP-STRATAGEMS.TP2~ #0 #7130 // Improved Red Wizards: 35.21
~STRATAGEMS/SETUP-STRATAGEMS.TP2~ #0 #7140 // Improved Undercity assassins: 35.21
~STRATAGEMS/SETUP-STRATAGEMS.TP2~ #0 #7150 // Improved Carsa/Kahrk interaction: 35.21
~STRATAGEMS/SETUP-STRATAGEMS.TP2~ #0 #7200 // Tougher chapter-two end battle: 35.21
~STRATAGEMS/SETUP-STRATAGEMS.TP2~ #0 #7210 // Tougher chapter-three end battle: 35.21
~STRATAGEMS/SETUP-STRATAGEMS.TP2~ #0 #7220 // Tougher chapter-four end battle: 35.21
~STRATAGEMS/SETUP-STRATAGEMS.TP2~ #0 #7230 // Tougher chapter-five end battle: 35.21
~STRATAGEMS/SETUP-STRATAGEMS.TP2~ #0 #7250 // Improved final battle: 35.21
~STRATAGEMS/SETUP-STRATAGEMS.TP2~ #0 #7900 // Improved minor encounters: 35.21
~STRATAGEMS/SETUP-STRATAGEMS.TP2~ #0 #8000 // Make the starting dungeon slightly harder: 35.21
~STRATAGEMS/SETUP-STRATAGEMS.TP2~ #0 #8010 // Improved Shade Lord: 35.21
~STRATAGEMS/SETUP-STRATAGEMS.TP2~ #0 #8020 // Spellcasting Demiliches: 35.21
~STRATAGEMS/SETUP-STRATAGEMS.TP2~ #0 #8040 // Tie difficulty of level-dependent monster groupings to the difficulty slider: 35.21
~STRATAGEMS/SETUP-STRATAGEMS.TP2~ #0 #8050 // Improved Random Encounters: 35.21
~STRATAGEMS/SETUP-STRATAGEMS.TP2~ #0 #8060 // Improved de'Arnise Keep ("Tactics Remix"): 35.21
~STRATAGEMS/SETUP-STRATAGEMS.TP2~ #0 #8070 // Improved Unseeing Eye: 35.21
~STRATAGEMS/SETUP-STRATAGEMS.TP2~ #0 #8080 // Improved Bodhi: 35.21
~STRATAGEMS/SETUP-STRATAGEMS.TP2~ #0 #8100 // Improved battle with Irenicus in Spellhold: 35.21
~STRATAGEMS/SETUP-STRATAGEMS.TP2~ #0 #8110 // Improved Sahuagin: 35.21
~STRATAGEMS/SETUP-STRATAGEMS.TP2~ #0 #8120 // Improved Beholder hive: 35.21
~STRATAGEMS/SETUP-STRATAGEMS.TP2~ #0 #8130 // Rebalanced troll regeneration: 35.21
~STRATAGEMS/SETUP-STRATAGEMS.TP2~ #0 #8140 // Improved Drow: 35.21
~STRATAGEMS/SETUP-STRATAGEMS.TP2~ #0 #8150 // Improved Watcher's Keep: 35.21
~STRATAGEMS/SETUP-STRATAGEMS.TP2~ #0 #8160 // Improved Fire Giant temple: 35.21
~STRATAGEMS/SETUP-STRATAGEMS.TP2~ #0 #8170 // Improved Sendai's Enclave: 35.21
~STRATAGEMS/SETUP-STRATAGEMS.TP2~ #0 #8180 // Improved Abazigal's Lair: 35.21
~STRATAGEMS/SETUP-STRATAGEMS.TP2~ #0 #8190 // Improved Minor Encounters: 35.21
~CDTWEAKS/SETUP-CDTWEAKS.TP2~ #0 #20 // Change Imoen's Avatar to Mage: v16
~CDTWEAKS/SETUP-CDTWEAKS.TP2~ #0 #40 // Change Viconia's Skin Color to Dark Blue: v16
~CDTWEAKS/SETUP-CDTWEAKS.TP2~ #0 #60 // Weapon Animation Tweaks: v16
~CDTWEAKS/SETUP-CDTWEAKS.TP2~ #0 #110 // Icon Improvements: v16
~CDTWEAKS/SETUP-CDTWEAKS.TP2~ #0 #130 // Force All Dialogue to Pause Game: v16
~CDTWEAKS/SETUP-CDTWEAKS.TP2~ #0 #140 // Fix Boo's Squeak: v16
~CDTWEAKS/SETUP-CDTWEAKS.TP2~ #0 #160 // Make Magic Shields Glow [plainab/grogerson]: v16
~CDTWEAKS/SETUP-CDTWEAKS.TP2~ #0 #170 // Unique Icons [Lava] -> Only replace icons that aren't already unique: v16
~CDTWEAKS/SETUP-CDTWEAKS.TP2~ #0 #182 // Unique Containers [Miloch] -> Unique icons and names: v16
~CDTWEAKS/SETUP-CDTWEAKS.TP2~ #0 #3151 // Remove Annoying Visual Effects from Equipped Items -> Remove all of the above: v16
~CDTWEAKS/SETUP-CDTWEAKS.TP2~ #0 #2010 // Separate Resist Fire/Cold Icon into Separate Icons [Angel]: v16
~CDTWEAKS/SETUP-CDTWEAKS.TP2~ #0 #1010 // More Interjections: v16
~CDTWEAKS/SETUP-CDTWEAKS.TP2~ #0 #1020 // Alter HP Triggers for NPC Wounded Dialogues: v16
~CDTWEAKS/SETUP-CDTWEAKS.TP2~ #0 #1030 // Reveal Wilderness Areas Before Chapter Six: v16
~CDTWEAKS/SETUP-CDTWEAKS.TP2~ #0 #1036 // Make Cloakwood Areas Available Before Completing the Bandit Camp -> All of Cloakwood except the mines: v16
~CDTWEAKS/SETUP-CDTWEAKS.TP2~ #0 #1040 // Improved Athkatlan City Guard: v16
~CDTWEAKS/SETUP-CDTWEAKS.TP2~ #0 #1060 // Breakable Iron Non-Magical Shields, Helms, and Armor: v16
~CDTWEAKS/SETUP-CDTWEAKS.TP2~ #0 #1075 // Send BioWare NPCs to an Inn [DavidW/Zed Nocear]: v16
~CDTWEAKS/SETUP-CDTWEAKS.TP2~ #0 #1080 // Add Bags of Holding: v16
~CDTWEAKS/SETUP-CDTWEAKS.TP2~ #0 #1101 // Do Not Reveal City Maps When Entering Area: v16
~CDTWEAKS/SETUP-CDTWEAKS.TP2~ #0 #1120 // Stores Sell Higher Stacks of Items: v16
~CDTWEAKS/SETUP-CDTWEAKS.TP2~ #0 #1180 // Female Edwina [Davide Carte, Wendy Yung, Weimer]: v16
~CDTWEAKS/SETUP-CDTWEAKS.TP2~ #0 #1220 // Allow Cromwell to Upgrade Watcher's Keep Items: v16
~CDTWEAKS/SETUP-CDTWEAKS.TP2~ #0 #1225 // Adjust Cromwell's Forging Time -> Instant forging (original BG2 default): v16
~CDTWEAKS/SETUP-CDTWEAKS.TP2~ #0 #1230 // Allow Cespenar to Use Cromwell Recipes: v16
~CDTWEAKS/SETUP-CDTWEAKS.TP2~ #0 #1251 // Move NPCs to Convenient Locations: Move Alora to Gullykin: v16
~CDTWEAKS/SETUP-CDTWEAKS.TP2~ #0 #1253 // Move NPCs to Convenient Locations: Move Quayle to the Nashkel Carnival: v16
~CDTWEAKS/SETUP-CDTWEAKS.TP2~ #0 #1254 // Move NPCs to Convenient Locations: Move Shar-Teel to North Nashkel Road: v16
~CDTWEAKS/SETUP-CDTWEAKS.TP2~ #0 #1255 // Move NPCs to Convenient Locations: Move Tiax to Beregost: v16
~CDTWEAKS/SETUP-CDTWEAKS.TP2~ #0 #1256 // Move NPCs to Convenient Locations: Move Viconia to South Beregost Road: v16
~CDTWEAKS/SETUP-CDTWEAKS.TP2~ #0 #1270 // Change Cloakwood Mine Chapter End Change Trigger to Non-TotSC Behavior [plainab]: v16
~CDTWEAKS/SETUP-CDTWEAKS.TP2~ #0 #2090 // Change Experience Point Cap -> Remove experience cap: v16
~CDTWEAKS/SETUP-CDTWEAKS.TP2~ #0 #2151 // Wear Multiple Protection Items -> No restrictions: v16
~CDTWEAKS/SETUP-CDTWEAKS.TP2~ #0 #2170 // Cast Spells from Scrolls (and Other Items) at Character Level: v16
~CDTWEAKS/SETUP-CDTWEAKS.TP2~ #0 #2220 // Change Magically Created Weapons to Zero Weight: v16
~CDTWEAKS/SETUP-CDTWEAKS.TP2~ #0 #2300 // Triple-Class HLA Tables: v16
~CDTWEAKS/SETUP-CDTWEAKS.TP2~ #0 #2312 // Add Save Penalties for Spells Cast by High-Level Casters -> Arcane and divine magic: v16
~CDTWEAKS/SETUP-CDTWEAKS.TP2~ #0 #2320 // Trap Cap Removal [Ardanis/GeN1e]: v16
~CDTWEAKS/SETUP-CDTWEAKS.TP2~ #0 #2330 // Remove Delay for Magical Traps [Ardanis/GeN1e]: v16
~CDTWEAKS/SETUP-CDTWEAKS.TP2~ #0 #2339 // Remove Summoning Cap for Regular Summons: v16
~CDTWEAKS/SETUP-CDTWEAKS.TP2~ #0 #2340 // Remove Summoning Cap for Celestials [Ardanis/GeN1e]: v16
~CDTWEAKS/SETUP-CDTWEAKS.TP2~ #0 #2500 // Exceptional Strength Weight Limit Changes [sarevok57]: v16
~CDTWEAKS/SETUP-CDTWEAKS.TP2~ #0 #2510 // Level-Lock Spell Scrolls [Angel]: v16
~CDTWEAKS/SETUP-CDTWEAKS.TP2~ #0 #2520 // Allow Mages to Use Bucklers and Thieves to Use Small Shields [Angel]: v16
~CDTWEAKS/SETUP-CDTWEAKS.TP2~ #0 #2530 // Lightning Bolts Don't Bounce [Angel]: v16
~CDTWEAKS/SETUP-CDTWEAKS.TP2~ #0 #2540 // Speed Up de'Arnise Keep Stronghold Quests: v16
~CDTWEAKS/SETUP-CDTWEAKS.TP2~ #0 #2560 // Allow Monks to Wear Helmets: v16
~CDTWEAKS/SETUP-CDTWEAKS.TP2~ #0 #2590 // Thieves Can Backstab With More Weapons With "Use Any Item" or as Dual- and Multi-Classes: v16
~CDTWEAKS/SETUP-CDTWEAKS.TP2~ #0 #2620 // Make Certain Creatures Immune to Backstab/Sneak Attack [Luke]: v16
~CDTWEAKS/SETUP-CDTWEAKS.TP2~ #0 #2999 // Max HP at Level One: v16
~CDTWEAKS/SETUP-CDTWEAKS.TP2~ #0 #3002 // Higher HP on Level Up -> Average rolls: v16
~CDTWEAKS/SETUP-CDTWEAKS.TP2~ #0 #3020 // Identify All Items: v16
~CDTWEAKS/SETUP-CDTWEAKS.TP2~ #0 #3031 // Easy Spell Learning -> 100% learn spells and no maximum cap: v16
~CDTWEAKS/SETUP-CDTWEAKS.TP2~ #0 #3040 // Make Bags of Holding Bottomless: v16
~CDTWEAKS/SETUP-CDTWEAKS.TP2~ #0 #3050 // Remove Fatigue from Restoration Spells: v16
~CDTWEAKS/SETUP-CDTWEAKS.TP2~ #0 #3060 // Remove "You Must Gather Your Party..." Sound [Weimer]: v16
~CDTWEAKS/SETUP-CDTWEAKS.TP2~ #0 #3071 // Change Effect of Reputation on Store Prices -> Reputation has no effect, stores price fixed at 100% [Luiz]: v16
~CDTWEAKS/SETUP-CDTWEAKS.TP2~ #0 #3083 // Increase Ammo Stack Size -> Stacks of 120: v16
~CDTWEAKS/SETUP-CDTWEAKS.TP2~ #0 #3092 // Increase Jewelry, Gem, and Miscellaneous Item Stacks -> Stacks of 80: v16
~CDTWEAKS/SETUP-CDTWEAKS.TP2~ #0 #3101 // Increase Potion Stacking -> Stacks of 40: v16
~CDTWEAKS/SETUP-CDTWEAKS.TP2~ #0 #3111 // Increase Scroll Stacking -> Stacks of 40: v16
~CDTWEAKS/SETUP-CDTWEAKS.TP2~ #0 #3121 // Happy Patch - Alter How Party NPCs Complain About Reputation -> NPCs can be angry about reputation but never leave [Salk]: v16
~CDTWEAKS/SETUP-CDTWEAKS.TP2~ #0 #3125 // Neutral Characters Make Happy Comments at Mid-Range Reputation [Luiz]: v16
~CDTWEAKS/SETUP-CDTWEAKS.TP2~ #0 #3176 // Accelerate/Decelerate Romances: v16
~CDTWEAKS/SETUP-CDTWEAKS.TP2~ #0 #3183 // Romance Cheats [Sabre, Richardson, Weimer]: v16
~CDTWEAKS/SETUP-CDTWEAKS.TP2~ #0 #3190 // Rest Anywhere [japheth]: v16
~CDTWEAKS/SETUP-CDTWEAKS.TP2~ #0 #3195 // Alter Hostile Rest Spawns -> Decrease frequency by 50%: v16
~CDTWEAKS/SETUP-CDTWEAKS.TP2~ #0 #3200 // Sellable Items [icelus]: v16
~CDTWEAKS/SETUP-CDTWEAKS.TP2~ #0 #3205 // Stores Purchase All Item Types: v16
~CDTWEAKS/SETUP-CDTWEAKS.TP2~ #0 #3230 // Taerom Makes Additional Ankheg Armor [Icendoan/grogerson]: v16
~CDTWEAKS/SETUP-CDTWEAKS.TP2~ #0 #3280 // Give Every Class/Kit Four Weapon Slots: v16
~CDTWEAKS/SETUP-CDTWEAKS.TP2~ #0 #3290 // Personalize Automatic Save Names -> Use scheme: 000000000-Protagonist-Save-Name: v16
~CDTWEAKS/SETUP-CDTWEAKS.TP2~ #0 #3320 // No Depreciation in Stores: v16
~CDTWEAKS/SETUP-CDTWEAKS.TP2~ #0 #3330 // Make Party Members Less Likely to Die Irreversibly: v16
~CDTWEAKS/SETUP-CDTWEAKS.TP2~ #0 #3340 // Increase Party Movement Speed and/or Casting Speed Outside of Combat [argent77] -> Movement speed by 50 percent: v16
~CDTWEAKS/SETUP-CDTWEAKS.TP2~ #0 #3355 // Create Interval Saves [argent77] -> Every 30 minutes (cycle through four saves): v16
~CDTWEAKS/SETUP-CDTWEAKS.TP2~ #0 #4000 // Adjust Evil Joinable NPC Reaction Rolls: v16
~CDTWEAKS/SETUP-CDTWEAKS.TP2~ #0 #4020 // ToB-Style NPCs: v16
~CDTWEAKS/SETUP-CDTWEAKS.TP2~ #0 #4025 // Allow NPC Pairs to Separate: v16
~CDTWEAKS/SETUP-CDTWEAKS.TP2~ #0 #4031 // Consistent Stats: Edwin -> Use BG2 values: v16
~CDTWEAKS/SETUP-CDTWEAKS.TP2~ #0 #4041 // Consistent Stats: Jaheira -> Use BG2 values: v16
~CDTWEAKS/SETUP-CDTWEAKS.TP2~ #0 #4050 // Change Jaheira to Neutral Good Alignment: v16
~CDTWEAKS/SETUP-CDTWEAKS.TP2~ #0 #4061 // Consistent Stats: Minsc -> Use BG2 values: v16
~CDTWEAKS/SETUP-CDTWEAKS.TP2~ #0 #4071 // Consistent Stats: Viconia -> Use BG2 values: v16
~CDTWEAKS/SETUP-CDTWEAKS.TP2~ #0 #4100 // Change Korgan to Neutral Evil Alignment: v16
~CDTWEAKS/SETUP-CDTWEAKS.TP2~ #0 #4110 // Give Kagain a Legal Constitution Score of 19: v16
~CDTWEAKS/SETUP-CDTWEAKS.TP2~ #0 #4120 // Give Coran a Legal Dexterity Score of 19: v16
~CDTWEAKS/SETUP-CDTWEAKS.TP2~ #0 #4150 // Move Boo Into Minsc's Pack: v16
~CDTWEAKS/SETUP-CDTWEAKS.TP2~ #0 #4160 // Allow Yeslick to Use Axes: v16
~CDTWEAKS/SETUP-CDTWEAKS.TP2~ #0 #4170 // Ensure Shar-Teel Doesn't Die in the Original Challenge: v16
~COMBAT_SKILL_PROFICIENCIES/COMBAT_SKILL_PROFICIENCIES.TP2~ #0 #10 // Revised Proficiency System: v1.4.8
~SUBTLED_STAT_OVERHAULS/SUBTLED_STAT_OVERHAULS.TP2~ #0 #100 // Ability Score Overhaul: v1.6.4
~SUBTLED_STAT_OVERHAULS/SUBTLED_STAT_OVERHAULS.TP2~ #0 #110 // Stat-based Bonus Spell Slots: v1.6.4
~SUBTLED_STAT_OVERHAULS/SUBTLED_STAT_OVERHAULS.TP2~ #0 #121 // Stat-based Bonus Spells for 5E Casters -> bonuses for memorization slots AND casting slots: v1.6.4
~SUBTLED_STAT_OVERHAULS/SUBTLED_STAT_OVERHAULS.TP2~ #0 #130 // Full Strength for 2-Hand Weapons Only: v1.6.4
~SUBTLED_STAT_OVERHAULS/SUBTLED_STAT_OVERHAULS.TP2~ #0 #152 // Hit Dice Overhaul -> Closer to average hit points: v1.6.4
~SUBTLED_STAT_OVERHAULS/SUBTLED_STAT_OVERHAULS.TP2~ #0 #160 // Saving Throw Overhaul: v1.6.4
~SUBTLED_STAT_OVERHAULS/SUBTLED_STAT_OVERHAULS.TP2~ #0 #180 // Lower Dual-Class Requirements: v1.6.4
~SUBTLED_STAT_OVERHAULS/SUBTLED_STAT_OVERHAULS.TP2~ #0 #200 // Slower, Standardized XP Tables: v1.6.4
~COMBAT_SKILL_PROFICIENCIES/COMBAT_SKILL_PROFICIENCIES.TP2~ #0 #90 // APR on Spec: v1.4.8
~NPC_EE/NPC_EE.TP2~ #0 #1010 // Remove dual-class flag from Imoen (warning, see Readme): 6.5.5
~NPC_EE/NPC_EE.TP2~ #0 #1020 // Remove dual-class flag from Nalia (warning, see Readme): 6.5.5
~NPC_EE/NPC_EE.TP2~ #0 #1030 // Remove dual-class flag from Anomen (warning, see Readme): 6.5.5
~NPC_EE/NPC_EE.TP2~ #0 #1200 // Remove dual-class flag from all other NPCs (warning, see Readme): 6.5.5
~NPC_EE/NPC_EE.TP2~ #0 #2000 // NPC class/stat/kit choices: 6.5.5
~BGGO/BGGO.TP2~ #0 #0 // BGGO for EET, BGT, BGEE, BG2EE, ToB and Tutu: v3.2
~JAHEIRARECAST/JAHEIRARECAST.TP2~ #0 #1 // Jaheira Recast: Character Sounds -> Use BG1+BG2 Character Sounds: v3.2
~JAHEIRARECAST/JAHEIRARECAST.TP2~ #0 #2 // Jaheira Recast: Dialog Voiceover: v3.2
~PLASMOBG1BG2/PLASMOBG1BG2.TP2~ #0 #1000 // Make all portraits available for use by the PC: v5
~PICKS_OF_THE_LITTER/PICKS_OF_THE_LITTER.TP2~ #0 #0 // Plasmocat's Picks of the Litter Portrait Pack: v4
~PPE/SETUP-PPE.TP2~ #0 #0 // Portraits Portraits Everywhere (PPE) - core component: 1.02
~PPE/SETUP-PPE.TP2~ #0 #100 // Category Portraits (Recommended) -> Sequenced: 1.02
~PPE/SETUP-PPE.TP2~ #0 #10 // Isandir's CHARNAME Portraits: 1.02
~PPE/SETUP-PPE.TP2~ #0 #20 // Replace Low Quality TOB & SOA Portraits: 1.02
(PPE reloaded ?)
~LIGHTINGPACK/LIGHTINGPACK.TP2~ #0 #2 // Shader script files for lighting control -> Moderately increased contrast, brightness and gamma (recommended): v3.1
~LIGHTINGPACK/LIGHTINGPACK.TP2~ #0 #102 // Modify Color Temperature -> Apply preset "Daylight (neutral)" (6,500 Kelvin): v3.1
thepicturestandard
HiddenGameplayOptions
infinitysounds                                   
vveBG                                            
